[0.010s] Invoking command in '/home/wxyewb/Public/Work/Practice/proj_x/modules/module_interface/build/module_interface': CMAKE_PREFIX_PATH=${CMAKE_PREFIX_PATH}:/opt/ros/humble /usr/bin/cmake /home/wxyewb/Public/Work/Practice/proj_x/modules/module_interface -DCMAKE_INSTALL_PREFIX=/home/wxyewb/Public/Work/Practice/proj_x/modules/module_interface/install/module_interface
[0.058s] -- The C compiler identification is GNU 11.4.0
[0.102s] -- The CXX compiler identification is GNU 11.4.0
[0.107s] -- Detecting C compiler ABI info
[0.163s] -- Detecting C compiler ABI info - done
[0.167s] -- Check for working C compiler: /usr/bin/cc - skipped
[0.167s] -- Detecting C compile features
[0.167s] -- Detecting C compile features - done
[0.169s] -- Detecting CXX compiler ABI info
[0.233s] -- Detecting CXX compiler ABI info - done
[0.237s] -- Check for working CXX compiler: /usr/bin/c++ - skipped
[0.237s] -- Detecting CXX compile features
[0.238s] -- Detecting CXX compile features - done
[0.239s] -- Found ament_cmake: 1.3.12 (/opt/ros/humble/share/ament_cmake/cmake)
[0.343s] -- Found Python3: /usr/bin/python3 (found version "3.10.12") found components: Interpreter 
[0.398s] -- Found std_msgs: 4.9.0 (/opt/ros/humble/share/std_msgs/cmake)
[0.416s] -- Found rosidl_generator_c: 3.1.7 (/opt/ros/humble/share/rosidl_generator_c/cmake)
[0.419s] -- Found rosidl_adapter: 3.1.7 (/opt/ros/humble/share/rosidl_adapter/cmake)
[0.423s] -- Found rosidl_generator_cpp: 3.1.7 (/opt/ros/humble/share/rosidl_generator_cpp/cmake)
[0.430s] -- Using all available rosidl_typesupport_c: rosidl_typesupport_fastrtps_c;rosidl_typesupport_introspection_c
[0.439s] -- Using all available rosidl_typesupport_cpp: rosidl_typesupport_fastrtps_cpp;rosidl_typesupport_introspection_cpp
[0.453s] -- Found std_srvs: 4.9.0 (/opt/ros/humble/share/std_srvs/cmake)
[0.459s] -- Found rosidl_default_generators: 1.2.0 (/opt/ros/humble/share/rosidl_default_generators/cmake)
[0.568s] [31mCMake Error at /opt/ros/humble/share/rosidl_adapter/cmake/rosidl_adapt_interfaces.cmake:59 (message):
[0.568s]   execute_process(/usr/bin/python3 -m rosidl_adapter --package-name
[0.568s]   module_interface --arguments-file
[0.568s]   /home/wxyewb/Public/Work/Practice/proj_x/modules/module_interface/build/module_interface/rosidl_adapter__arguments__module_interface.json
[0.568s]   --output-dir
[0.569s]   /home/wxyewb/Public/Work/Practice/proj_x/modules/module_interface/build/module_interface/rosidl_adapter/module_interface
[0.569s]   --output-file
[0.569s]   /home/wxyewb/Public/Work/Practice/proj_x/modules/module_interface/build/module_interface/rosidl_adapter/module_interface.idls)
[0.569s]   returned error code 1:
[0.569s] 
[0.569s]   Error processing 'int32 result[]' of
[0.569s]   'module_interface/SimpleAction_Result': ''result[]' is an invalid field
[0.569s]   name.  It should have the pattern '^(?!.*__)(?!.*_$)[a-z][a-z0-9_]*$''
[0.570s] 
[0.570s]   Traceback (most recent call last):
[0.570s] 
[0.570s]     File "/usr/lib/python3.10/runpy.py", line 196, in _run_module_as_main
[0.570s]       return _run_code(code, main_globals, None,
[0.570s]     File "/usr/lib/python3.10/runpy.py", line 86, in _run_code
[0.570s]       exec(code, run_globals)
[0.570s]     File "/opt/ros/humble/local/lib/python3.10/dist-packages/rosidl_adapter/__main__.py", line 19, in <module>
[0.570s]       sys.exit(main())
[0.570s]     File "/opt/ros/humble/local/lib/python3.10/dist-packages/rosidl_adapter/main.py", line 53, in main
[0.570s]       abs_idl_file = convert_to_idl(
[0.571s]     File "/opt/ros/humble/local/lib/python3.10/dist-packages/rosidl_adapter/__init__.py", line 29, in convert_to_idl
[0.571s]       return convert_action_to_idl(
[0.571s]     File "/opt/ros/humble/local/lib/python3.10/dist-packages/rosidl_adapter/action/__init__.py", line 28, in convert_action_to_idl
[0.571s]       action = parse_action_string(package_name, input_file.stem, content)
[0.571s]     File "/opt/ros/humble/local/lib/python3.10/dist-packages/rosidl_adapter/parser.py", line 904, in parse_action_string
[0.571s]       result_message = parse_message_string(
[0.571s]     File "/opt/ros/humble/local/lib/python3.10/dist-packages/rosidl_adapter/parser.py", line 519, in parse_message_string
[0.571s]       fields.append(Field(
[0.571s]     File "/opt/ros/humble/local/lib/python3.10/dist-packages/rosidl_adapter/parser.py", line 354, in __init__
[0.571s]       raise NameError(
[0.571s] 
[0.571s]   NameError: 'result[]' is an invalid field name.  It should have the pattern
[0.571s]   '^(?!.*__)(?!.*_$)[a-z][a-z0-9_]*$'
[0.571s] 
[0.571s] Call Stack (most recent call first):
[0.571s]   /opt/ros/humble/share/rosidl_cmake/cmake/rosidl_generate_interfaces.cmake:130 (rosidl_adapt_interfaces)
[0.572s]   CMakeLists.txt:28 (rosidl_generate_interfaces)
[0.572s] 
[0.572s] [0m
[0.572s] -- Configuring incomplete, errors occurred!
[0.572s] See also "/home/wxyewb/Public/Work/Practice/proj_x/modules/module_interface/build/module_interface/CMakeFiles/CMakeOutput.log".
[0.574s] Invoked command in '/home/wxyewb/Public/Work/Practice/proj_x/modules/module_interface/build/module_interface' returned '1': CMAKE_PREFIX_PATH=${CMAKE_PREFIX_PATH}:/opt/ros/humble /usr/bin/cmake /home/wxyewb/Public/Work/Practice/proj_x/modules/module_interface -DCMAKE_INSTALL_PREFIX=/home/wxyewb/Public/Work/Practice/proj_x/modules/module_interface/install/module_interface
