[0.011s] Invoking command in '/home/wxyewb/Public/Work/Practice/proj_x/modules/module_interface/build/module_interface': CMAKE_PREFIX_PATH=${CMAKE_PREFIX_PATH}:/opt/ros/humble /usr/bin/cmake --build /home/wxyewb/Public/Work/Practice/proj_x/modules/module_interface/build/module_interface -- -j22 -l22
[0.036s] -- Found ament_cmake: 1.3.12 (/opt/ros/humble/share/ament_cmake/cmake)
[0.116s] -- Found std_msgs: 4.9.0 (/opt/ros/humble/share/std_msgs/cmake)
[0.131s] -- Found rosidl_generator_c: 3.1.7 (/opt/ros/humble/share/rosidl_generator_c/cmake)
[0.132s] -- Found rosidl_adapter: 3.1.7 (/opt/ros/humble/share/rosidl_adapter/cmake)
[0.135s] -- Found rosidl_generator_cpp: 3.1.7 (/opt/ros/humble/share/rosidl_generator_cpp/cmake)
[0.140s] -- Using all available rosidl_typesupport_c: rosidl_typesupport_fastrtps_c;rosidl_typesupport_introspection_c
[0.147s] -- Using all available rosidl_typesupport_cpp: rosidl_typesupport_fastrtps_cpp;rosidl_typesupport_introspection_cpp
[0.161s] -- Found std_srvs: 4.9.0 (/opt/ros/humble/share/std_srvs/cmake)
[0.166s] -- Found rosidl_default_generators: 1.2.0 (/opt/ros/humble/share/rosidl_default_generators/cmake)
[0.358s] -- Found ament_cmake_ros: 0.10.0 (/opt/ros/humble/share/ament_cmake_ros/cmake)
[0.577s] -- Using all available rosidl_typesupport_c: rosidl_typesupport_fastrtps_c;rosidl_typesupport_introspection_c
[0.656s] -- Using all available rosidl_typesupport_cpp: rosidl_typesupport_fastrtps_cpp;rosidl_typesupport_introspection_cpp
[0.674s] -- Found python_cmake_module: 0.10.0 (/opt/ros/humble/share/python_cmake_module/cmake)
[0.690s] -- Using PYTHON_EXECUTABLE: /usr/bin/python3
[0.690s] -- Using PYTHON_INCLUDE_DIRS: /usr/include/python3.10
[0.690s] -- Using PYTHON_LIBRARIES: /usr/lib/x86_64-linux-gnu/libpython3.10.so
[0.704s] -- Found ament_lint_auto: 0.12.14 (/opt/ros/humble/share/ament_lint_auto/cmake)
[0.709s] -- Added test 'copyright' to check source files copyright and LICENSE
[0.727s] -- Added test 'cppcheck' to perform static code analysis on C / C++ code
[0.728s] -- Configured cppcheck include dirs: /home/wxyewb/Public/Work/Practice/proj_x/modules/module_interface/include;$<BUILD_INTERFACE:/home/wxyewb/Public/Work/Practice/proj_x/modules/module_interface/build/module_interface/rosidl_generator_c>;$<BUILD_INTERFACE:/home/wxyewb/Public/Work/Practice/proj_x/modules/module_interface/build/module_interface/rosidl_typesupport_fastrtps_c>;$<BUILD_INTERFACE:/home/wxyewb/Public/Work/Practice/proj_x/modules/module_interface/build/module_interface/rosidl_generator_cpp>;$<BUILD_INTERFACE:/home/wxyewb/Public/Work/Practice/proj_x/modules/module_interface/build/module_interface/rosidl_typesupport_fastrtps_cpp>;$<BUILD_INTERFACE:/home/wxyewb/Public/Work/Practice/proj_x/modules/module_interface/build/module_interface/rosidl_typesupport_introspection_c>;$<BUILD_INTERFACE:/home/wxyewb/Public/Work/Practice/proj_x/modules/module_interface/build/module_interface/rosidl_typesupport_introspection_cpp>;/home/wxyewb/Public/Work/Practice/proj_x/modules/module_interface/build/module_interface/rosidl_generator_c;/home/wxyewb/Public/Work/Practice/proj_x/modules/module_interface/build/module_interface/rosidl_generator_py
[0.728s] -- Configured cppcheck exclude dirs and/or files: 
[0.746s] -- Added test 'cpplint' to check C / C++ code against the Google style
[0.746s] -- Configured cpplint exclude dirs and/or files: 
[0.749s] -- Added test 'flake8' to check Python code syntax and style conventions
[0.754s] -- Added test 'lint_cmake' to check CMake code style
[0.756s] -- Added test 'pep257' to check Python code against some of the docstring style conventions in PEP 257
[0.774s] -- Added test 'uncrustify' to check C / C++ code style
[0.775s] -- Configured uncrustify additional arguments: 
[0.777s] -- Added test 'xmllint' to check XML markup files
[0.778s] -- Configuring done
[0.803s] -- Generating done
[0.811s] -- Build files have been written to: /home/wxyewb/Public/Work/Practice/proj_x/modules/module_interface/build/module_interface
[0.832s] [  3%] [34m[1mGenerating C code for ROS interfaces[0m
[0.842s] [  6%] [34m[1mGenerating C++ code for ROS interfaces[0m
[0.845s] [  6%] Built target ament_cmake_python_copy_module_interface
[0.995s] running egg_info
[0.995s] writing module_interface.egg-info/PKG-INFO
[0.995s] writing dependency_links to module_interface.egg-info/dependency_links.txt
[0.995s] writing top-level names to module_interface.egg-info/top_level.txt
[0.996s] reading manifest file 'module_interface.egg-info/SOURCES.txt'
[0.996s] writing manifest file 'module_interface.egg-info/SOURCES.txt'
[1.013s] [  6%] Built target ament_cmake_python_build_module_interface_egg
[1.087s] [  6%] Built target module_interface__cpp
[1.093s] [35m[1mConsolidate compiler generated dependencies of target module_interface__rosidl_generator_c[0m
[1.095s] [  9%] [34m[1mGenerating C++ type support for eProsima Fast-RTPS[0m
[1.097s] [ 12%] [34m[1mGenerating C++ type support dispatch for ROS interfaces[0m
[1.098s] [ 16%] [34m[1mGenerating C++ introspection for ROS interfaces[0m
[1.102s] [ 19%] [32mBuilding C object CMakeFiles/module_interface__rosidl_generator_c.dir/rosidl_generator_c/module_interface/action/detail/simple_action__functions.c.o[0m
[1.182s] [ 22%] [32m[1mLinking C shared library libmodule_interface__rosidl_generator_c.so[0m
[1.217s] [ 22%] Built target module_interface__rosidl_generator_c
[1.225s] [ 29%] [34m[1mGenerating C type support for eProsima Fast-RTPS[0m
[1.225s] [ 29%] [34m[1mGenerating C type support dispatch for ROS interfaces[0m
[1.228s] [ 32%] [34m[1mGenerating C introspection for ROS interfaces[0m
[1.256s] [35m[1mConsolidate compiler generated dependencies of target module_interface__rosidl_typesupport_cpp[0m
[1.269s] [ 35%] [32mBuilding CXX object CMakeFiles/module_interface__rosidl_typesupport_cpp.dir/rosidl_typesupport_cpp/module_interface/action/simple_action__type_support.cpp.o[0m
[1.312s] [35m[1mConsolidate compiler generated dependencies of target module_interface__rosidl_typesupport_introspection_cpp[0m
[1.323s] [35m[1mConsolidate compiler generated dependencies of target module_interface__rosidl_typesupport_fastrtps_cpp[0m
[1.325s] [ 38%] [32mBuilding CXX object CMakeFiles/module_interface__rosidl_typesupport_introspection_cpp.dir/rosidl_typesupport_introspection_cpp/module_interface/action/detail/simple_action__type_support.cpp.o[0m
[1.338s] [ 41%] [32mBuilding CXX object CMakeFiles/module_interface__rosidl_typesupport_fastrtps_cpp.dir/rosidl_typesupport_fastrtps_cpp/module_interface/action/detail/dds_fastrtps/simple_action__type_support.cpp.o[0m
[1.396s] [35m[1mConsolidate compiler generated dependencies of target module_interface__rosidl_typesupport_c[0m
[1.409s] [ 45%] [32mBuilding CXX object CMakeFiles/module_interface__rosidl_typesupport_c.dir/rosidl_typesupport_c/module_interface/action/simple_action__type_support.cpp.o[0m
[1.437s] [35m[1mConsolidate compiler generated dependencies of target module_interface__rosidl_typesupport_introspection_c[0m
[1.441s] [ 48%] [32m[1mLinking CXX shared library libmodule_interface__rosidl_typesupport_c.so[0m
[1.450s] [ 51%] [32mBuilding C object CMakeFiles/module_interface__rosidl_typesupport_introspection_c.dir/rosidl_typesupport_introspection_c/module_interface/action/detail/simple_action__type_support.c.o[0m
[1.470s] [ 51%] Built target module_interface__rosidl_typesupport_c
[1.488s] [ 54%] [32m[1mLinking C shared library libmodule_interface__rosidl_typesupport_introspection_c.so[0m
[1.495s] [35m[1mConsolidate compiler generated dependencies of target module_interface__rosidl_typesupport_fastrtps_c[0m
[1.508s] [ 58%] [32mBuilding CXX object CMakeFiles/module_interface__rosidl_typesupport_fastrtps_c.dir/rosidl_typesupport_fastrtps_c/module_interface/action/detail/simple_action__type_support_c.cpp.o[0m
[1.515s] [ 61%] [32m[1mLinking CXX shared library libmodule_interface__rosidl_typesupport_cpp.so[0m
[1.517s] [ 61%] Built target module_interface__rosidl_typesupport_introspection_c
[1.547s] [ 61%] Built target module_interface__rosidl_typesupport_cpp
[1.675s] [ 64%] [32m[1mLinking CXX shared library libmodule_interface__rosidl_typesupport_introspection_cpp.so[0m
[1.684s] [ 67%] [32m[1mLinking CXX shared library libmodule_interface__rosidl_typesupport_fastrtps_cpp.so[0m
[1.722s] [ 70%] [32m[1mLinking CXX shared library libmodule_interface__rosidl_typesupport_fastrtps_c.so[0m
[1.729s] [ 70%] Built target module_interface__rosidl_typesupport_introspection_cpp
[1.739s] [ 70%] Built target module_interface__rosidl_typesupport_fastrtps_cpp
[1.774s] [ 70%] Built target module_interface__rosidl_typesupport_fastrtps_c
[1.792s] [ 70%] Built target module_interface
[1.806s] [ 74%] [34m[1mGenerating Python code for ROS interfaces[0m
[2.201s] [ 74%] Built target module_interface__py
[2.209s] [35m[1mConsolidate compiler generated dependencies of target module_interface__rosidl_generator_py[0m
[2.220s] [ 77%] [32mBuilding C object CMakeFiles/module_interface__rosidl_generator_py.dir/rosidl_generator_py/module_interface/action/_simple_action_s.c.o[0m
[2.315s] [ 80%] [32m[1mLinking C shared library rosidl_generator_py/module_interface/libmodule_interface__rosidl_generator_py.so[0m
[2.348s] [ 80%] Built target module_interface__rosidl_generator_py
[2.355s] [35m[1mConsolidate compiler generated dependencies of target module_interface__rosidl_typesupport_fastrtps_c__pyext[0m
[2.356s] [35m[1mConsolidate compiler generated dependencies of target module_interface__rosidl_typesupport_introspection_c__pyext[0m
[2.358s] [35m[1mConsolidate compiler generated dependencies of target module_interface__rosidl_typesupport_c__pyext[0m
[2.365s] [ 83%] [32mBuilding C object CMakeFiles/module_interface__rosidl_typesupport_fastrtps_c__pyext.dir/rosidl_generator_py/module_interface/_module_interface_s.ep.rosidl_typesupport_fastrtps_c.c.o[0m
[2.366s] [ 87%] [32mBuilding C object CMakeFiles/module_interface__rosidl_typesupport_introspection_c__pyext.dir/rosidl_generator_py/module_interface/_module_interface_s.ep.rosidl_typesupport_introspection_c.c.o[0m
[2.370s] [ 90%] [32mBuilding C object CMakeFiles/module_interface__rosidl_typesupport_c__pyext.dir/rosidl_generator_py/module_interface/_module_interface_s.ep.rosidl_typesupport_c.c.o[0m
[2.437s] [ 93%] [32m[1mLinking C shared library rosidl_generator_py/module_interface/module_interface_s__rosidl_typesupport_introspection_c.cpython-310-x86_64-linux-gnu.so[0m
[2.441s] [ 96%] [32m[1mLinking C shared library rosidl_generator_py/module_interface/module_interface_s__rosidl_typesupport_c.cpython-310-x86_64-linux-gnu.so[0m
[2.443s] [100%] [32m[1mLinking C shared library rosidl_generator_py/module_interface/module_interface_s__rosidl_typesupport_fastrtps_c.cpython-310-x86_64-linux-gnu.so[0m
[2.470s] [100%] Built target module_interface__rosidl_typesupport_introspection_c__pyext
[2.473s] [100%] Built target module_interface__rosidl_typesupport_fastrtps_c__pyext
[2.474s] [100%] Built target module_interface__rosidl_typesupport_c__pyext
[2.484s] Invoked command in '/home/wxyewb/Public/Work/Practice/proj_x/modules/module_interface/build/module_interface' returned '0': CMAKE_PREFIX_PATH=${CMAKE_PREFIX_PATH}:/opt/ros/humble /usr/bin/cmake --build /home/wxyewb/Public/Work/Practice/proj_x/modules/module_interface/build/module_interface -- -j22 -l22
[2.490s] Invoking command in '/home/wxyewb/Public/Work/Practice/proj_x/modules/module_interface/build/module_interface': CMAKE_PREFIX_PATH=${CMAKE_PREFIX_PATH}:/opt/ros/humble /usr/bin/cmake --install /home/wxyewb/Public/Work/Practice/proj_x/modules/module_interface/build/module_interface
[2.496s] -- Install configuration: ""
[2.496s] -- Up-to-date: /home/wxyewb/Public/Work/Practice/proj_x/modules/module_interface/install/module_interface/share/ament_index/resource_index/rosidl_interfaces/module_interface
[2.496s] -- Up-to-date: /home/wxyewb/Public/Work/Practice/proj_x/modules/module_interface/install/module_interface/include/module_interface/module_interface
[2.496s] -- Up-to-date: /home/wxyewb/Public/Work/Practice/proj_x/modules/module_interface/install/module_interface/include/module_interface/module_interface/msg
[2.496s] -- Up-to-date: /home/wxyewb/Public/Work/Practice/proj_x/modules/module_interface/install/module_interface/include/module_interface/module_interface/msg/rosidl_generator_c__visibility_control.h
[2.496s] -- Up-to-date: /home/wxyewb/Public/Work/Practice/proj_x/modules/module_interface/install/module_interface/include/module_interface/module_interface/action
[2.496s] -- Up-to-date: /home/wxyewb/Public/Work/Practice/proj_x/modules/module_interface/install/module_interface/include/module_interface/module_interface/action/detail
[2.496s] -- Installing: /home/wxyewb/Public/Work/Practice/proj_x/modules/module_interface/install/module_interface/include/module_interface/module_interface/action/detail/simple_action__type_support.h
[2.497s] -- Installing: /home/wxyewb/Public/Work/Practice/proj_x/modules/module_interface/install/module_interface/include/module_interface/module_interface/action/detail/simple_action__functions.c
[2.497s] -- Installing: /home/wxyewb/Public/Work/Practice/proj_x/modules/module_interface/install/module_interface/include/module_interface/module_interface/action/detail/simple_action__struct.h
[2.497s] -- Installing: /home/wxyewb/Public/Work/Practice/proj_x/modules/module_interface/install/module_interface/include/module_interface/module_interface/action/detail/simple_action__functions.h
[2.497s] -- Installing: /home/wxyewb/Public/Work/Practice/proj_x/modules/module_interface/install/module_interface/include/module_interface/module_interface/action/simple_action.h
[2.497s] -- Up-to-date: /home/wxyewb/Public/Work/Practice/proj_x/modules/module_interface/install/module_interface/share/module_interface/environment/library_path.sh
[2.497s] -- Installing: /home/wxyewb/Public/Work/Practice/proj_x/modules/module_interface/install/module_interface/share/module_interface/environment/library_path.dsv
[2.497s] -- Installing: /home/wxyewb/Public/Work/Practice/proj_x/modules/module_interface/install/module_interface/lib/libmodule_interface__rosidl_generator_c.so
[2.497s] -- Set runtime path of "/home/wxyewb/Public/Work/Practice/proj_x/modules/module_interface/install/module_interface/lib/libmodule_interface__rosidl_generator_c.so" to ""
[2.497s] -- Up-to-date: /home/wxyewb/Public/Work/Practice/proj_x/modules/module_interface/install/module_interface/include/module_interface/module_interface
[2.497s] -- Up-to-date: /home/wxyewb/Public/Work/Practice/proj_x/modules/module_interface/install/module_interface/include/module_interface/module_interface/msg
[2.497s] -- Up-to-date: /home/wxyewb/Public/Work/Practice/proj_x/modules/module_interface/install/module_interface/include/module_interface/module_interface/msg/rosidl_typesupport_fastrtps_c__visibility_control.h
[2.497s] -- Up-to-date: /home/wxyewb/Public/Work/Practice/proj_x/modules/module_interface/install/module_interface/include/module_interface/module_interface/action
[2.497s] -- Up-to-date: /home/wxyewb/Public/Work/Practice/proj_x/modules/module_interface/install/module_interface/include/module_interface/module_interface/action/detail
[2.497s] -- Installing: /home/wxyewb/Public/Work/Practice/proj_x/modules/module_interface/install/module_interface/include/module_interface/module_interface/action/detail/simple_action__rosidl_typesupport_fastrtps_c.h
[2.498s] -- Installing: /home/wxyewb/Public/Work/Practice/proj_x/modules/module_interface/install/module_interface/lib/libmodule_interface__rosidl_typesupport_fastrtps_c.so
[2.498s] -- Set runtime path of "/home/wxyewb/Public/Work/Practice/proj_x/modules/module_interface/install/module_interface/lib/libmodule_interface__rosidl_typesupport_fastrtps_c.so" to ""
[2.498s] -- Up-to-date: /home/wxyewb/Public/Work/Practice/proj_x/modules/module_interface/install/module_interface/include/module_interface/module_interface
[2.498s] -- Up-to-date: /home/wxyewb/Public/Work/Practice/proj_x/modules/module_interface/install/module_interface/include/module_interface/module_interface/msg
[2.498s] -- Up-to-date: /home/wxyewb/Public/Work/Practice/proj_x/modules/module_interface/install/module_interface/include/module_interface/module_interface/msg/rosidl_generator_cpp__visibility_control.hpp
[2.498s] -- Up-to-date: /home/wxyewb/Public/Work/Practice/proj_x/modules/module_interface/install/module_interface/include/module_interface/module_interface/action
[2.498s] -- Up-to-date: /home/wxyewb/Public/Work/Practice/proj_x/modules/module_interface/install/module_interface/include/module_interface/module_interface/action/detail
[2.498s] -- Installing: /home/wxyewb/Public/Work/Practice/proj_x/modules/module_interface/install/module_interface/include/module_interface/module_interface/action/detail/simple_action__builder.hpp
[2.498s] -- Installing: /home/wxyewb/Public/Work/Practice/proj_x/modules/module_interface/install/module_interface/include/module_interface/module_interface/action/detail/simple_action__type_support.hpp
[2.498s] -- Installing: /home/wxyewb/Public/Work/Practice/proj_x/modules/module_interface/install/module_interface/include/module_interface/module_interface/action/detail/simple_action__traits.hpp
[2.498s] -- Installing: /home/wxyewb/Public/Work/Practice/proj_x/modules/module_interface/install/module_interface/include/module_interface/module_interface/action/detail/simple_action__struct.hpp
[2.498s] -- Installing: /home/wxyewb/Public/Work/Practice/proj_x/modules/module_interface/install/module_interface/include/module_interface/module_interface/action/simple_action.hpp
[2.498s] -- Up-to-date: /home/wxyewb/Public/Work/Practice/proj_x/modules/module_interface/install/module_interface/include/module_interface/module_interface
[2.498s] -- Up-to-date: /home/wxyewb/Public/Work/Practice/proj_x/modules/module_interface/install/module_interface/include/module_interface/module_interface/msg
[2.498s] -- Up-to-date: /home/wxyewb/Public/Work/Practice/proj_x/modules/module_interface/install/module_interface/include/module_interface/module_interface/msg/rosidl_typesupport_fastrtps_cpp__visibility_control.h
[2.498s] -- Up-to-date: /home/wxyewb/Public/Work/Practice/proj_x/modules/module_interface/install/module_interface/include/module_interface/module_interface/action
[2.498s] -- Up-to-date: /home/wxyewb/Public/Work/Practice/proj_x/modules/module_interface/install/module_interface/include/module_interface/module_interface/action/detail
[2.498s] -- Up-to-date: /home/wxyewb/Public/Work/Practice/proj_x/modules/module_interface/install/module_interface/include/module_interface/module_interface/action/detail/dds_fastrtps
[2.498s] -- Installing: /home/wxyewb/Public/Work/Practice/proj_x/modules/module_interface/install/module_interface/include/module_interface/module_interface/action/detail/simple_action__rosidl_typesupport_fastrtps_cpp.hpp
[2.499s] -- Installing: /home/wxyewb/Public/Work/Practice/proj_x/modules/module_interface/install/module_interface/lib/libmodule_interface__rosidl_typesupport_fastrtps_cpp.so
[2.499s] -- Set runtime path of "/home/wxyewb/Public/Work/Practice/proj_x/modules/module_interface/install/module_interface/lib/libmodule_interface__rosidl_typesupport_fastrtps_cpp.so" to ""
[2.499s] -- Up-to-date: /home/wxyewb/Public/Work/Practice/proj_x/modules/module_interface/install/module_interface/include/module_interface/module_interface
[2.499s] -- Up-to-date: /home/wxyewb/Public/Work/Practice/proj_x/modules/module_interface/install/module_interface/include/module_interface/module_interface/msg
[2.499s] -- Up-to-date: /home/wxyewb/Public/Work/Practice/proj_x/modules/module_interface/install/module_interface/include/module_interface/module_interface/msg/rosidl_typesupport_introspection_c__visibility_control.h
[2.499s] -- Up-to-date: /home/wxyewb/Public/Work/Practice/proj_x/modules/module_interface/install/module_interface/include/module_interface/module_interface/action
[2.499s] -- Up-to-date: /home/wxyewb/Public/Work/Practice/proj_x/modules/module_interface/install/module_interface/include/module_interface/module_interface/action/detail
[2.499s] -- Installing: /home/wxyewb/Public/Work/Practice/proj_x/modules/module_interface/install/module_interface/include/module_interface/module_interface/action/detail/simple_action__type_support.c
[2.499s] -- Installing: /home/wxyewb/Public/Work/Practice/proj_x/modules/module_interface/install/module_interface/include/module_interface/module_interface/action/detail/simple_action__rosidl_typesupport_introspection_c.h
[2.499s] -- Installing: /home/wxyewb/Public/Work/Practice/proj_x/modules/module_interface/install/module_interface/lib/libmodule_interface__rosidl_typesupport_introspection_c.so
[2.499s] -- Set runtime path of "/home/wxyewb/Public/Work/Practice/proj_x/modules/module_interface/install/module_interface/lib/libmodule_interface__rosidl_typesupport_introspection_c.so" to ""
[2.499s] -- Installing: /home/wxyewb/Public/Work/Practice/proj_x/modules/module_interface/install/module_interface/lib/libmodule_interface__rosidl_typesupport_c.so
[2.500s] -- Set runtime path of "/home/wxyewb/Public/Work/Practice/proj_x/modules/module_interface/install/module_interface/lib/libmodule_interface__rosidl_typesupport_c.so" to ""
[2.500s] -- Up-to-date: /home/wxyewb/Public/Work/Practice/proj_x/modules/module_interface/install/module_interface/include/module_interface/module_interface
[2.500s] -- Up-to-date: /home/wxyewb/Public/Work/Practice/proj_x/modules/module_interface/install/module_interface/include/module_interface/module_interface/action
[2.500s] -- Up-to-date: /home/wxyewb/Public/Work/Practice/proj_x/modules/module_interface/install/module_interface/include/module_interface/module_interface/action/detail
[2.500s] -- Installing: /home/wxyewb/Public/Work/Practice/proj_x/modules/module_interface/install/module_interface/include/module_interface/module_interface/action/detail/simple_action__rosidl_typesupport_introspection_cpp.hpp
[2.500s] -- Installing: /home/wxyewb/Public/Work/Practice/proj_x/modules/module_interface/install/module_interface/include/module_interface/module_interface/action/detail/simple_action__type_support.cpp
[2.500s] -- Installing: /home/wxyewb/Public/Work/Practice/proj_x/modules/module_interface/install/module_interface/lib/libmodule_interface__rosidl_typesupport_introspection_cpp.so
[2.500s] -- Set runtime path of "/home/wxyewb/Public/Work/Practice/proj_x/modules/module_interface/install/module_interface/lib/libmodule_interface__rosidl_typesupport_introspection_cpp.so" to ""
[2.500s] -- Installing: /home/wxyewb/Public/Work/Practice/proj_x/modules/module_interface/install/module_interface/lib/libmodule_interface__rosidl_typesupport_cpp.so
[2.501s] -- Set runtime path of "/home/wxyewb/Public/Work/Practice/proj_x/modules/module_interface/install/module_interface/lib/libmodule_interface__rosidl_typesupport_cpp.so" to ""
[2.501s] -- Up-to-date: /home/wxyewb/Public/Work/Practice/proj_x/modules/module_interface/install/module_interface/share/module_interface/environment/pythonpath.sh
[2.501s] -- Installing: /home/wxyewb/Public/Work/Practice/proj_x/modules/module_interface/install/module_interface/share/module_interface/environment/pythonpath.dsv
[2.501s] -- Up-to-date: /home/wxyewb/Public/Work/Practice/proj_x/modules/module_interface/install/module_interface/local/lib/python3.10/dist-packages/module_interface-0.0.0-py3.10.egg-info
[2.501s] -- Installing: /home/wxyewb/Public/Work/Practice/proj_x/modules/module_interface/install/module_interface/local/lib/python3.10/dist-packages/module_interface-0.0.0-py3.10.egg-info/SOURCES.txt
[2.501s] -- Installing: /home/wxyewb/Public/Work/Practice/proj_x/modules/module_interface/install/module_interface/local/lib/python3.10/dist-packages/module_interface-0.0.0-py3.10.egg-info/top_level.txt
[2.501s] -- Installing: /home/wxyewb/Public/Work/Practice/proj_x/modules/module_interface/install/module_interface/local/lib/python3.10/dist-packages/module_interface-0.0.0-py3.10.egg-info/dependency_links.txt
[2.501s] -- Installing: /home/wxyewb/Public/Work/Practice/proj_x/modules/module_interface/install/module_interface/local/lib/python3.10/dist-packages/module_interface-0.0.0-py3.10.egg-info/PKG-INFO
[2.501s] -- Up-to-date: /home/wxyewb/Public/Work/Practice/proj_x/modules/module_interface/install/module_interface/local/lib/python3.10/dist-packages/module_interface
[2.501s] -- Installing: /home/wxyewb/Public/Work/Practice/proj_x/modules/module_interface/install/module_interface/local/lib/python3.10/dist-packages/module_interface/module_interface_s__rosidl_typesupport_introspection_c.cpython-310-x86_64-linux-gnu.so
[2.501s] -- Installing: /home/wxyewb/Public/Work/Practice/proj_x/modules/module_interface/install/module_interface/local/lib/python3.10/dist-packages/module_interface/_module_interface_s.ep.rosidl_typesupport_introspection_c.c
[2.501s] -- Installing: /home/wxyewb/Public/Work/Practice/proj_x/modules/module_interface/install/module_interface/local/lib/python3.10/dist-packages/module_interface/module_interface_s__rosidl_typesupport_fastrtps_c.cpython-310-x86_64-linux-gnu.so
[2.502s] -- Installing: /home/wxyewb/Public/Work/Practice/proj_x/modules/module_interface/install/module_interface/local/lib/python3.10/dist-packages/module_interface/_module_interface_s.ep.rosidl_typesupport_fastrtps_c.c
[2.502s] -- Installing: /home/wxyewb/Public/Work/Practice/proj_x/modules/module_interface/install/module_interface/local/lib/python3.10/dist-packages/module_interface/libmodule_interface__rosidl_generator_py.so
[2.502s] -- Installing: /home/wxyewb/Public/Work/Practice/proj_x/modules/module_interface/install/module_interface/local/lib/python3.10/dist-packages/module_interface/__init__.py
[2.502s] -- Up-to-date: /home/wxyewb/Public/Work/Practice/proj_x/modules/module_interface/install/module_interface/local/lib/python3.10/dist-packages/module_interface/action
[2.502s] -- Installing: /home/wxyewb/Public/Work/Practice/proj_x/modules/module_interface/install/module_interface/local/lib/python3.10/dist-packages/module_interface/action/_simple_action.py
[2.502s] -- Installing: /home/wxyewb/Public/Work/Practice/proj_x/modules/module_interface/install/module_interface/local/lib/python3.10/dist-packages/module_interface/action/_simple_action_s.c
[2.502s] -- Installing: /home/wxyewb/Public/Work/Practice/proj_x/modules/module_interface/install/module_interface/local/lib/python3.10/dist-packages/module_interface/action/__init__.py
[2.502s] -- Installing: /home/wxyewb/Public/Work/Practice/proj_x/modules/module_interface/install/module_interface/local/lib/python3.10/dist-packages/module_interface/_module_interface_s.ep.rosidl_typesupport_c.c
[2.502s] -- Installing: /home/wxyewb/Public/Work/Practice/proj_x/modules/module_interface/install/module_interface/local/lib/python3.10/dist-packages/module_interface/module_interface_s__rosidl_typesupport_c.cpython-310-x86_64-linux-gnu.so
[2.529s] Listing '/home/wxyewb/Public/Work/Practice/proj_x/modules/module_interface/install/module_interface/local/lib/python3.10/dist-packages/module_interface'...
[2.529s] Compiling '/home/wxyewb/Public/Work/Practice/proj_x/modules/module_interface/install/module_interface/local/lib/python3.10/dist-packages/module_interface/__init__.py'...
[2.530s] Listing '/home/wxyewb/Public/Work/Practice/proj_x/modules/module_interface/install/module_interface/local/lib/python3.10/dist-packages/module_interface/action'...
[2.530s] Compiling '/home/wxyewb/Public/Work/Practice/proj_x/modules/module_interface/install/module_interface/local/lib/python3.10/dist-packages/module_interface/action/__init__.py'...
[2.530s] Compiling '/home/wxyewb/Public/Work/Practice/proj_x/modules/module_interface/install/module_interface/local/lib/python3.10/dist-packages/module_interface/action/_simple_action.py'...
[2.532s] -- Installing: /home/wxyewb/Public/Work/Practice/proj_x/modules/module_interface/install/module_interface/local/lib/python3.10/dist-packages/module_interface/module_interface_s__rosidl_typesupport_fastrtps_c.cpython-310-x86_64-linux-gnu.so
[2.532s] -- Set runtime path of "/home/wxyewb/Public/Work/Practice/proj_x/modules/module_interface/install/module_interface/local/lib/python3.10/dist-packages/module_interface/module_interface_s__rosidl_typesupport_fastrtps_c.cpython-310-x86_64-linux-gnu.so" to ""
[2.532s] -- Installing: /home/wxyewb/Public/Work/Practice/proj_x/modules/module_interface/install/module_interface/local/lib/python3.10/dist-packages/module_interface/module_interface_s__rosidl_typesupport_introspection_c.cpython-310-x86_64-linux-gnu.so
[2.533s] -- Set runtime path of "/home/wxyewb/Public/Work/Practice/proj_x/modules/module_interface/install/module_interface/local/lib/python3.10/dist-packages/module_interface/module_interface_s__rosidl_typesupport_introspection_c.cpython-310-x86_64-linux-gnu.so" to ""
[2.533s] -- Installing: /home/wxyewb/Public/Work/Practice/proj_x/modules/module_interface/install/module_interface/local/lib/python3.10/dist-packages/module_interface/module_interface_s__rosidl_typesupport_c.cpython-310-x86_64-linux-gnu.so
[2.533s] -- Set runtime path of "/home/wxyewb/Public/Work/Practice/proj_x/modules/module_interface/install/module_interface/local/lib/python3.10/dist-packages/module_interface/module_interface_s__rosidl_typesupport_c.cpython-310-x86_64-linux-gnu.so" to ""
[2.533s] -- Installing: /home/wxyewb/Public/Work/Practice/proj_x/modules/module_interface/install/module_interface/lib/libmodule_interface__rosidl_generator_py.so
[2.533s] -- Set runtime path of "/home/wxyewb/Public/Work/Practice/proj_x/modules/module_interface/install/module_interface/lib/libmodule_interface__rosidl_generator_py.so" to ""
[2.533s] -- Installing: /home/wxyewb/Public/Work/Practice/proj_x/modules/module_interface/install/module_interface/share/module_interface/action/SimpleAction.idl
[2.534s] -- Installing: /home/wxyewb/Public/Work/Practice/proj_x/modules/module_interface/install/module_interface/share/module_interface/action/SimpleAction.action
[2.534s] -- Up-to-date: /home/wxyewb/Public/Work/Practice/proj_x/modules/module_interface/install/module_interface/share/ament_index/resource_index/package_run_dependencies/module_interface
[2.534s] -- Up-to-date: /home/wxyewb/Public/Work/Practice/proj_x/modules/module_interface/install/module_interface/share/ament_index/resource_index/parent_prefix_path/module_interface
[2.534s] -- Up-to-date: /home/wxyewb/Public/Work/Practice/proj_x/modules/module_interface/install/module_interface/share/module_interface/environment/ament_prefix_path.sh
[2.534s] -- Installing: /home/wxyewb/Public/Work/Practice/proj_x/modules/module_interface/install/module_interface/share/module_interface/environment/ament_prefix_path.dsv
[2.534s] -- Up-to-date: /home/wxyewb/Public/Work/Practice/proj_x/modules/module_interface/install/module_interface/share/module_interface/environment/path.sh
[2.534s] -- Installing: /home/wxyewb/Public/Work/Practice/proj_x/modules/module_interface/install/module_interface/share/module_interface/environment/path.dsv
[2.534s] -- Up-to-date: /home/wxyewb/Public/Work/Practice/proj_x/modules/module_interface/install/module_interface/share/module_interface/local_setup.bash
[2.535s] -- Up-to-date: /home/wxyewb/Public/Work/Practice/proj_x/modules/module_interface/install/module_interface/share/module_interface/local_setup.sh
[2.535s] -- Up-to-date: /home/wxyewb/Public/Work/Practice/proj_x/modules/module_interface/install/module_interface/share/module_interface/local_setup.zsh
[2.535s] -- Installing: /home/wxyewb/Public/Work/Practice/proj_x/modules/module_interface/install/module_interface/share/module_interface/local_setup.dsv
[2.535s] -- Installing: /home/wxyewb/Public/Work/Practice/proj_x/modules/module_interface/install/module_interface/share/module_interface/package.dsv
[2.535s] -- Up-to-date: /home/wxyewb/Public/Work/Practice/proj_x/modules/module_interface/install/module_interface/share/ament_index/resource_index/packages/module_interface
[2.535s] -- Up-to-date: /home/wxyewb/Public/Work/Practice/proj_x/modules/module_interface/install/module_interface/share/module_interface/cmake/export_module_interface__rosidl_generator_cExport.cmake
[2.535s] -- Up-to-date: /home/wxyewb/Public/Work/Practice/proj_x/modules/module_interface/install/module_interface/share/module_interface/cmake/export_module_interface__rosidl_generator_cExport-noconfig.cmake
[2.535s] -- Up-to-date: /home/wxyewb/Public/Work/Practice/proj_x/modules/module_interface/install/module_interface/share/module_interface/cmake/export_module_interface__rosidl_typesupport_fastrtps_cExport.cmake
[2.535s] -- Up-to-date: /home/wxyewb/Public/Work/Practice/proj_x/modules/module_interface/install/module_interface/share/module_interface/cmake/export_module_interface__rosidl_typesupport_fastrtps_cExport-noconfig.cmake
[2.535s] -- Up-to-date: /home/wxyewb/Public/Work/Practice/proj_x/modules/module_interface/install/module_interface/share/module_interface/cmake/export_module_interface__rosidl_generator_cppExport.cmake
[2.535s] -- Up-to-date: /home/wxyewb/Public/Work/Practice/proj_x/modules/module_interface/install/module_interface/share/module_interface/cmake/export_module_interface__rosidl_typesupport_fastrtps_cppExport.cmake
[2.535s] -- Up-to-date: /home/wxyewb/Public/Work/Practice/proj_x/modules/module_interface/install/module_interface/share/module_interface/cmake/export_module_interface__rosidl_typesupport_fastrtps_cppExport-noconfig.cmake
[2.535s] -- Up-to-date: /home/wxyewb/Public/Work/Practice/proj_x/modules/module_interface/install/module_interface/share/module_interface/cmake/module_interface__rosidl_typesupport_introspection_cExport.cmake
[2.536s] -- Up-to-date: /home/wxyewb/Public/Work/Practice/proj_x/modules/module_interface/install/module_interface/share/module_interface/cmake/module_interface__rosidl_typesupport_introspection_cExport-noconfig.cmake
[2.536s] -- Up-to-date: /home/wxyewb/Public/Work/Practice/proj_x/modules/module_interface/install/module_interface/share/module_interface/cmake/module_interface__rosidl_typesupport_cExport.cmake
[2.536s] -- Up-to-date: /home/wxyewb/Public/Work/Practice/proj_x/modules/module_interface/install/module_interface/share/module_interface/cmake/module_interface__rosidl_typesupport_cExport-noconfig.cmake
[2.536s] -- Up-to-date: /home/wxyewb/Public/Work/Practice/proj_x/modules/module_interface/install/module_interface/share/module_interface/cmake/module_interface__rosidl_typesupport_introspection_cppExport.cmake
[2.536s] -- Up-to-date: /home/wxyewb/Public/Work/Practice/proj_x/modules/module_interface/install/module_interface/share/module_interface/cmake/module_interface__rosidl_typesupport_introspection_cppExport-noconfig.cmake
[2.536s] -- Up-to-date: /home/wxyewb/Public/Work/Practice/proj_x/modules/module_interface/install/module_interface/share/module_interface/cmake/module_interface__rosidl_typesupport_cppExport.cmake
[2.536s] -- Up-to-date: /home/wxyewb/Public/Work/Practice/proj_x/modules/module_interface/install/module_interface/share/module_interface/cmake/module_interface__rosidl_typesupport_cppExport-noconfig.cmake
[2.536s] -- Up-to-date: /home/wxyewb/Public/Work/Practice/proj_x/modules/module_interface/install/module_interface/share/module_interface/cmake/export_module_interface__rosidl_generator_pyExport.cmake
[2.536s] -- Up-to-date: /home/wxyewb/Public/Work/Practice/proj_x/modules/module_interface/install/module_interface/share/module_interface/cmake/export_module_interface__rosidl_generator_pyExport-noconfig.cmake
[2.536s] -- Up-to-date: /home/wxyewb/Public/Work/Practice/proj_x/modules/module_interface/install/module_interface/share/module_interface/cmake/ament_cmake_export_dependencies-extras.cmake
[2.536s] -- Up-to-date: /home/wxyewb/Public/Work/Practice/proj_x/modules/module_interface/install/module_interface/share/module_interface/cmake/rosidl_cmake-extras.cmake
[2.536s] -- Up-to-date: /home/wxyewb/Public/Work/Practice/proj_x/modules/module_interface/install/module_interface/share/module_interface/cmake/ament_cmake_export_include_directories-extras.cmake
[2.537s] -- Up-to-date: /home/wxyewb/Public/Work/Practice/proj_x/modules/module_interface/install/module_interface/share/module_interface/cmake/ament_cmake_export_libraries-extras.cmake
[2.537s] -- Up-to-date: /home/wxyewb/Public/Work/Practice/proj_x/modules/module_interface/install/module_interface/share/module_interface/cmake/ament_cmake_export_targets-extras.cmake
[2.537s] -- Up-to-date: /home/wxyewb/Public/Work/Practice/proj_x/modules/module_interface/install/module_interface/share/module_interface/cmake/rosidl_cmake_export_typesupport_targets-extras.cmake
[2.538s] -- Up-to-date: /home/wxyewb/Public/Work/Practice/proj_x/modules/module_interface/install/module_interface/share/module_interface/cmake/rosidl_cmake_export_typesupport_libraries-extras.cmake
[2.538s] -- Up-to-date: /home/wxyewb/Public/Work/Practice/proj_x/modules/module_interface/install/module_interface/share/module_interface/cmake/module_interfaceConfig.cmake
[2.538s] -- Up-to-date: /home/wxyewb/Public/Work/Practice/proj_x/modules/module_interface/install/module_interface/share/module_interface/cmake/module_interfaceConfig-version.cmake
[2.538s] -- Up-to-date: /home/wxyewb/Public/Work/Practice/proj_x/modules/module_interface/install/module_interface/share/module_interface/package.xml
[2.538s] Invoked command in '/home/wxyewb/Public/Work/Practice/proj_x/modules/module_interface/build/module_interface' returned '0': CMAKE_PREFIX_PATH=${CMAKE_PREFIX_PATH}:/opt/ros/humble /usr/bin/cmake --install /home/wxyewb/Public/Work/Practice/proj_x/modules/module_interface/build/module_interface
