[35m[1mConsolidate compiler generated dependencies of target module_interface__rosidl_generator_c[0m
[  9%] Built target module_interface__rosidl_generator_c
[ 12%] Built target module_interface__cpp
[ 12%] Built target ament_cmake_python_copy_module_interface
[35m[1mConsolidate compiler generated dependencies of target module_interface__rosidl_typesupport_fastrtps_c[0m
[35m[1mConsolidate compiler generated dependencies of target module_interface__rosidl_typesupport_c[0m
[35m[1mConsolidate compiler generated dependencies of target module_interface__rosidl_typesupport_fastrtps_cpp[0m
[35m[1mConsolidate compiler generated dependencies of target module_interface__rosidl_typesupport_introspection_c[0m
[35m[1mConsolidate compiler generated dependencies of target module_interface__rosidl_typesupport_cpp[0m
[35m[1mConsolidate compiler generated dependencies of target module_interface__rosidl_typesupport_introspection_cpp[0m
[ 25%] Built target module_interface__rosidl_typesupport_c
[ 32%] Built target module_interface__rosidl_typesupport_fastrtps_c
[ 41%] Built target module_interface__rosidl_typesupport_fastrtps_cpp
[ 51%] Built target module_interface__rosidl_typesupport_cpp
[ 61%] Built target module_interface__rosidl_typesupport_introspection_c
[ 70%] Built target module_interface__rosidl_typesupport_introspection_cpp
[ 70%] Built target module_interface
[ 74%] Built target module_interface__py
[35m[1mConsolidate compiler generated dependencies of target module_interface__rosidl_generator_py[0m
[ 80%] Built target module_interface__rosidl_generator_py
[35m[1mConsolidate compiler generated dependencies of target module_interface__rosidl_typesupport_introspection_c__pyext[0m
[35m[1mConsolidate compiler generated dependencies of target module_interface__rosidl_typesupport_c__pyext[0m
[35m[1mConsolidate compiler generated dependencies of target module_interface__rosidl_typesupport_fastrtps_c__pyext[0m
[ 87%] Built target module_interface__rosidl_typesupport_introspection_c__pyext
[ 93%] Built target module_interface__rosidl_typesupport_c__pyext
[100%] Built target module_interface__rosidl_typesupport_fastrtps_c__pyext
running egg_info
writing module_interface.egg-info/PKG-INFO
writing dependency_links to module_interface.egg-info/dependency_links.txt
writing top-level names to module_interface.egg-info/top_level.txt
reading manifest file 'module_interface.egg-info/SOURCES.txt'
writing manifest file 'module_interface.egg-info/SOURCES.txt'
[100%] Built target ament_cmake_python_build_module_interface_egg
-- Install configuration: ""
-- Up-to-date: /home/wxyewb/Public/Work/Practice/proj_x/modules/module_interface/install/module_interface/share/ament_index/resource_index/rosidl_interfaces/module_interface
-- Up-to-date: /home/wxyewb/Public/Work/Practice/proj_x/modules/module_interface/install/module_interface/include/module_interface/module_interface
-- Up-to-date: /home/wxyewb/Public/Work/Practice/proj_x/modules/module_interface/install/module_interface/include/module_interface/module_interface/msg
-- Up-to-date: /home/wxyewb/Public/Work/Practice/proj_x/modules/module_interface/install/module_interface/include/module_interface/module_interface/msg/rosidl_generator_c__visibility_control.h
-- Up-to-date: /home/wxyewb/Public/Work/Practice/proj_x/modules/module_interface/install/module_interface/include/module_interface/module_interface/action
-- Up-to-date: /home/wxyewb/Public/Work/Practice/proj_x/modules/module_interface/install/module_interface/include/module_interface/module_interface/action/detail
-- Up-to-date: /home/wxyewb/Public/Work/Practice/proj_x/modules/module_interface/install/module_interface/include/module_interface/module_interface/action/detail/simple_action__type_support.h
-- Up-to-date: /home/wxyewb/Public/Work/Practice/proj_x/modules/module_interface/install/module_interface/include/module_interface/module_interface/action/detail/simple_action__functions.c
-- Up-to-date: /home/wxyewb/Public/Work/Practice/proj_x/modules/module_interface/install/module_interface/include/module_interface/module_interface/action/detail/simple_action__struct.h
-- Up-to-date: /home/wxyewb/Public/Work/Practice/proj_x/modules/module_interface/install/module_interface/include/module_interface/module_interface/action/detail/simple_action__functions.h
-- Up-to-date: /home/wxyewb/Public/Work/Practice/proj_x/modules/module_interface/install/module_interface/include/module_interface/module_interface/action/simple_action.h
-- Up-to-date: /home/wxyewb/Public/Work/Practice/proj_x/modules/module_interface/install/module_interface/share/module_interface/environment/library_path.sh
-- Up-to-date: /home/wxyewb/Public/Work/Practice/proj_x/modules/module_interface/install/module_interface/share/module_interface/environment/library_path.dsv
-- Up-to-date: /home/wxyewb/Public/Work/Practice/proj_x/modules/module_interface/install/module_interface/lib/libmodule_interface__rosidl_generator_c.so
-- Up-to-date: /home/wxyewb/Public/Work/Practice/proj_x/modules/module_interface/install/module_interface/include/module_interface/module_interface
-- Up-to-date: /home/wxyewb/Public/Work/Practice/proj_x/modules/module_interface/install/module_interface/include/module_interface/module_interface/msg
-- Up-to-date: /home/wxyewb/Public/Work/Practice/proj_x/modules/module_interface/install/module_interface/include/module_interface/module_interface/msg/rosidl_typesupport_fastrtps_c__visibility_control.h
-- Up-to-date: /home/wxyewb/Public/Work/Practice/proj_x/modules/module_interface/install/module_interface/include/module_interface/module_interface/action
-- Up-to-date: /home/wxyewb/Public/Work/Practice/proj_x/modules/module_interface/install/module_interface/include/module_interface/module_interface/action/detail
-- Up-to-date: /home/wxyewb/Public/Work/Practice/proj_x/modules/module_interface/install/module_interface/include/module_interface/module_interface/action/detail/simple_action__rosidl_typesupport_fastrtps_c.h
-- Up-to-date: /home/wxyewb/Public/Work/Practice/proj_x/modules/module_interface/install/module_interface/lib/libmodule_interface__rosidl_typesupport_fastrtps_c.so
-- Up-to-date: /home/wxyewb/Public/Work/Practice/proj_x/modules/module_interface/install/module_interface/include/module_interface/module_interface
-- Up-to-date: /home/wxyewb/Public/Work/Practice/proj_x/modules/module_interface/install/module_interface/include/module_interface/module_interface/msg
-- Up-to-date: /home/wxyewb/Public/Work/Practice/proj_x/modules/module_interface/install/module_interface/include/module_interface/module_interface/msg/rosidl_generator_cpp__visibility_control.hpp
-- Up-to-date: /home/wxyewb/Public/Work/Practice/proj_x/modules/module_interface/install/module_interface/include/module_interface/module_interface/action
-- Up-to-date: /home/wxyewb/Public/Work/Practice/proj_x/modules/module_interface/install/module_interface/include/module_interface/module_interface/action/detail
-- Up-to-date: /home/wxyewb/Public/Work/Practice/proj_x/modules/module_interface/install/module_interface/include/module_interface/module_interface/action/detail/simple_action__builder.hpp
-- Up-to-date: /home/wxyewb/Public/Work/Practice/proj_x/modules/module_interface/install/module_interface/include/module_interface/module_interface/action/detail/simple_action__type_support.hpp
-- Up-to-date: /home/wxyewb/Public/Work/Practice/proj_x/modules/module_interface/install/module_interface/include/module_interface/module_interface/action/detail/simple_action__traits.hpp
-- Up-to-date: /home/wxyewb/Public/Work/Practice/proj_x/modules/module_interface/install/module_interface/include/module_interface/module_interface/action/detail/simple_action__struct.hpp
-- Up-to-date: /home/wxyewb/Public/Work/Practice/proj_x/modules/module_interface/install/module_interface/include/module_interface/module_interface/action/simple_action.hpp
-- Up-to-date: /home/wxyewb/Public/Work/Practice/proj_x/modules/module_interface/install/module_interface/include/module_interface/module_interface
-- Up-to-date: /home/wxyewb/Public/Work/Practice/proj_x/modules/module_interface/install/module_interface/include/module_interface/module_interface/msg
-- Up-to-date: /home/wxyewb/Public/Work/Practice/proj_x/modules/module_interface/install/module_interface/include/module_interface/module_interface/msg/rosidl_typesupport_fastrtps_cpp__visibility_control.h
-- Up-to-date: /home/wxyewb/Public/Work/Practice/proj_x/modules/module_interface/install/module_interface/include/module_interface/module_interface/action
-- Up-to-date: /home/wxyewb/Public/Work/Practice/proj_x/modules/module_interface/install/module_interface/include/module_interface/module_interface/action/detail
-- Up-to-date: /home/wxyewb/Public/Work/Practice/proj_x/modules/module_interface/install/module_interface/include/module_interface/module_interface/action/detail/dds_fastrtps
-- Up-to-date: /home/wxyewb/Public/Work/Practice/proj_x/modules/module_interface/install/module_interface/include/module_interface/module_interface/action/detail/simple_action__rosidl_typesupport_fastrtps_cpp.hpp
-- Up-to-date: /home/wxyewb/Public/Work/Practice/proj_x/modules/module_interface/install/module_interface/lib/libmodule_interface__rosidl_typesupport_fastrtps_cpp.so
-- Up-to-date: /home/wxyewb/Public/Work/Practice/proj_x/modules/module_interface/install/module_interface/include/module_interface/module_interface
-- Up-to-date: /home/wxyewb/Public/Work/Practice/proj_x/modules/module_interface/install/module_interface/include/module_interface/module_interface/msg
-- Up-to-date: /home/wxyewb/Public/Work/Practice/proj_x/modules/module_interface/install/module_interface/include/module_interface/module_interface/msg/rosidl_typesupport_introspection_c__visibility_control.h
-- Up-to-date: /home/wxyewb/Public/Work/Practice/proj_x/modules/module_interface/install/module_interface/include/module_interface/module_interface/action
-- Up-to-date: /home/wxyewb/Public/Work/Practice/proj_x/modules/module_interface/install/module_interface/include/module_interface/module_interface/action/detail
-- Up-to-date: /home/wxyewb/Public/Work/Practice/proj_x/modules/module_interface/install/module_interface/include/module_interface/module_interface/action/detail/simple_action__type_support.c
-- Up-to-date: /home/wxyewb/Public/Work/Practice/proj_x/modules/module_interface/install/module_interface/include/module_interface/module_interface/action/detail/simple_action__rosidl_typesupport_introspection_c.h
-- Up-to-date: /home/wxyewb/Public/Work/Practice/proj_x/modules/module_interface/install/module_interface/lib/libmodule_interface__rosidl_typesupport_introspection_c.so
-- Up-to-date: /home/wxyewb/Public/Work/Practice/proj_x/modules/module_interface/install/module_interface/lib/libmodule_interface__rosidl_typesupport_c.so
-- Up-to-date: /home/wxyewb/Public/Work/Practice/proj_x/modules/module_interface/install/module_interface/include/module_interface/module_interface
-- Up-to-date: /home/wxyewb/Public/Work/Practice/proj_x/modules/module_interface/install/module_interface/include/module_interface/module_interface/action
-- Up-to-date: /home/wxyewb/Public/Work/Practice/proj_x/modules/module_interface/install/module_interface/include/module_interface/module_interface/action/detail
-- Up-to-date: /home/wxyewb/Public/Work/Practice/proj_x/modules/module_interface/install/module_interface/include/module_interface/module_interface/action/detail/simple_action__rosidl_typesupport_introspection_cpp.hpp
-- Up-to-date: /home/wxyewb/Public/Work/Practice/proj_x/modules/module_interface/install/module_interface/include/module_interface/module_interface/action/detail/simple_action__type_support.cpp
-- Up-to-date: /home/wxyewb/Public/Work/Practice/proj_x/modules/module_interface/install/module_interface/lib/libmodule_interface__rosidl_typesupport_introspection_cpp.so
-- Up-to-date: /home/wxyewb/Public/Work/Practice/proj_x/modules/module_interface/install/module_interface/lib/libmodule_interface__rosidl_typesupport_cpp.so
-- Up-to-date: /home/wxyewb/Public/Work/Practice/proj_x/modules/module_interface/install/module_interface/share/module_interface/environment/pythonpath.sh
-- Up-to-date: /home/wxyewb/Public/Work/Practice/proj_x/modules/module_interface/install/module_interface/share/module_interface/environment/pythonpath.dsv
-- Up-to-date: /home/wxyewb/Public/Work/Practice/proj_x/modules/module_interface/install/module_interface/local/lib/python3.10/dist-packages/module_interface-0.0.0-py3.10.egg-info
-- Installing: /home/wxyewb/Public/Work/Practice/proj_x/modules/module_interface/install/module_interface/local/lib/python3.10/dist-packages/module_interface-0.0.0-py3.10.egg-info/SOURCES.txt
-- Installing: /home/wxyewb/Public/Work/Practice/proj_x/modules/module_interface/install/module_interface/local/lib/python3.10/dist-packages/module_interface-0.0.0-py3.10.egg-info/top_level.txt
-- Installing: /home/wxyewb/Public/Work/Practice/proj_x/modules/module_interface/install/module_interface/local/lib/python3.10/dist-packages/module_interface-0.0.0-py3.10.egg-info/dependency_links.txt
-- Installing: /home/wxyewb/Public/Work/Practice/proj_x/modules/module_interface/install/module_interface/local/lib/python3.10/dist-packages/module_interface-0.0.0-py3.10.egg-info/PKG-INFO
-- Up-to-date: /home/wxyewb/Public/Work/Practice/proj_x/modules/module_interface/install/module_interface/local/lib/python3.10/dist-packages/module_interface
-- Up-to-date: /home/wxyewb/Public/Work/Practice/proj_x/modules/module_interface/install/module_interface/local/lib/python3.10/dist-packages/module_interface/module_interface_s__rosidl_typesupport_introspection_c.cpython-310-x86_64-linux-gnu.so
-- Up-to-date: /home/wxyewb/Public/Work/Practice/proj_x/modules/module_interface/install/module_interface/local/lib/python3.10/dist-packages/module_interface/_module_interface_s.ep.rosidl_typesupport_introspection_c.c
-- Up-to-date: /home/wxyewb/Public/Work/Practice/proj_x/modules/module_interface/install/module_interface/local/lib/python3.10/dist-packages/module_interface/module_interface_s__rosidl_typesupport_fastrtps_c.cpython-310-x86_64-linux-gnu.so
-- Up-to-date: /home/wxyewb/Public/Work/Practice/proj_x/modules/module_interface/install/module_interface/local/lib/python3.10/dist-packages/module_interface/_module_interface_s.ep.rosidl_typesupport_fastrtps_c.c
-- Up-to-date: /home/wxyewb/Public/Work/Practice/proj_x/modules/module_interface/install/module_interface/local/lib/python3.10/dist-packages/module_interface/libmodule_interface__rosidl_generator_py.so
-- Up-to-date: /home/wxyewb/Public/Work/Practice/proj_x/modules/module_interface/install/module_interface/local/lib/python3.10/dist-packages/module_interface/__init__.py
-- Up-to-date: /home/wxyewb/Public/Work/Practice/proj_x/modules/module_interface/install/module_interface/local/lib/python3.10/dist-packages/module_interface/action
-- Up-to-date: /home/wxyewb/Public/Work/Practice/proj_x/modules/module_interface/install/module_interface/local/lib/python3.10/dist-packages/module_interface/action/_simple_action.py
-- Up-to-date: /home/wxyewb/Public/Work/Practice/proj_x/modules/module_interface/install/module_interface/local/lib/python3.10/dist-packages/module_interface/action/_simple_action_s.c
-- Up-to-date: /home/wxyewb/Public/Work/Practice/proj_x/modules/module_interface/install/module_interface/local/lib/python3.10/dist-packages/module_interface/action/__init__.py
-- Up-to-date: /home/wxyewb/Public/Work/Practice/proj_x/modules/module_interface/install/module_interface/local/lib/python3.10/dist-packages/module_interface/_module_interface_s.ep.rosidl_typesupport_c.c
-- Up-to-date: /home/wxyewb/Public/Work/Practice/proj_x/modules/module_interface/install/module_interface/local/lib/python3.10/dist-packages/module_interface/module_interface_s__rosidl_typesupport_c.cpython-310-x86_64-linux-gnu.so
Listing '/home/wxyewb/Public/Work/Practice/proj_x/modules/module_interface/install/module_interface/local/lib/python3.10/dist-packages/module_interface'...
Listing '/home/wxyewb/Public/Work/Practice/proj_x/modules/module_interface/install/module_interface/local/lib/python3.10/dist-packages/module_interface/action'...
-- Up-to-date: /home/wxyewb/Public/Work/Practice/proj_x/modules/module_interface/install/module_interface/local/lib/python3.10/dist-packages/module_interface/module_interface_s__rosidl_typesupport_fastrtps_c.cpython-310-x86_64-linux-gnu.so
-- Up-to-date: /home/wxyewb/Public/Work/Practice/proj_x/modules/module_interface/install/module_interface/local/lib/python3.10/dist-packages/module_interface/module_interface_s__rosidl_typesupport_introspection_c.cpython-310-x86_64-linux-gnu.so
-- Up-to-date: /home/wxyewb/Public/Work/Practice/proj_x/modules/module_interface/install/module_interface/local/lib/python3.10/dist-packages/module_interface/module_interface_s__rosidl_typesupport_c.cpython-310-x86_64-linux-gnu.so
-- Up-to-date: /home/wxyewb/Public/Work/Practice/proj_x/modules/module_interface/install/module_interface/lib/libmodule_interface__rosidl_generator_py.so
-- Up-to-date: /home/wxyewb/Public/Work/Practice/proj_x/modules/module_interface/install/module_interface/share/module_interface/action/SimpleAction.idl
-- Up-to-date: /home/wxyewb/Public/Work/Practice/proj_x/modules/module_interface/install/module_interface/share/module_interface/action/SimpleAction.action
-- Up-to-date: /home/wxyewb/Public/Work/Practice/proj_x/modules/module_interface/install/module_interface/share/ament_index/resource_index/package_run_dependencies/module_interface
-- Up-to-date: /home/wxyewb/Public/Work/Practice/proj_x/modules/module_interface/install/module_interface/share/ament_index/resource_index/parent_prefix_path/module_interface
-- Up-to-date: /home/wxyewb/Public/Work/Practice/proj_x/modules/module_interface/install/module_interface/share/module_interface/environment/ament_prefix_path.sh
-- Up-to-date: /home/wxyewb/Public/Work/Practice/proj_x/modules/module_interface/install/module_interface/share/module_interface/environment/ament_prefix_path.dsv
-- Up-to-date: /home/wxyewb/Public/Work/Practice/proj_x/modules/module_interface/install/module_interface/share/module_interface/environment/path.sh
-- Up-to-date: /home/wxyewb/Public/Work/Practice/proj_x/modules/module_interface/install/module_interface/share/module_interface/environment/path.dsv
-- Up-to-date: /home/wxyewb/Public/Work/Practice/proj_x/modules/module_interface/install/module_interface/share/module_interface/local_setup.bash
-- Up-to-date: /home/wxyewb/Public/Work/Practice/proj_x/modules/module_interface/install/module_interface/share/module_interface/local_setup.sh
-- Up-to-date: /home/wxyewb/Public/Work/Practice/proj_x/modules/module_interface/install/module_interface/share/module_interface/local_setup.zsh
-- Up-to-date: /home/wxyewb/Public/Work/Practice/proj_x/modules/module_interface/install/module_interface/share/module_interface/local_setup.dsv
-- Installing: /home/wxyewb/Public/Work/Practice/proj_x/modules/module_interface/install/module_interface/share/module_interface/package.dsv
-- Up-to-date: /home/wxyewb/Public/Work/Practice/proj_x/modules/module_interface/install/module_interface/share/ament_index/resource_index/packages/module_interface
-- Up-to-date: /home/wxyewb/Public/Work/Practice/proj_x/modules/module_interface/install/module_interface/share/module_interface/cmake/export_module_interface__rosidl_generator_cExport.cmake
-- Up-to-date: /home/wxyewb/Public/Work/Practice/proj_x/modules/module_interface/install/module_interface/share/module_interface/cmake/export_module_interface__rosidl_generator_cExport-noconfig.cmake
-- Up-to-date: /home/wxyewb/Public/Work/Practice/proj_x/modules/module_interface/install/module_interface/share/module_interface/cmake/export_module_interface__rosidl_typesupport_fastrtps_cExport.cmake
-- Up-to-date: /home/wxyewb/Public/Work/Practice/proj_x/modules/module_interface/install/module_interface/share/module_interface/cmake/export_module_interface__rosidl_typesupport_fastrtps_cExport-noconfig.cmake
-- Up-to-date: /home/wxyewb/Public/Work/Practice/proj_x/modules/module_interface/install/module_interface/share/module_interface/cmake/export_module_interface__rosidl_generator_cppExport.cmake
-- Up-to-date: /home/wxyewb/Public/Work/Practice/proj_x/modules/module_interface/install/module_interface/share/module_interface/cmake/export_module_interface__rosidl_typesupport_fastrtps_cppExport.cmake
-- Up-to-date: /home/wxyewb/Public/Work/Practice/proj_x/modules/module_interface/install/module_interface/share/module_interface/cmake/export_module_interface__rosidl_typesupport_fastrtps_cppExport-noconfig.cmake
-- Up-to-date: /home/wxyewb/Public/Work/Practice/proj_x/modules/module_interface/install/module_interface/share/module_interface/cmake/module_interface__rosidl_typesupport_introspection_cExport.cmake
-- Up-to-date: /home/wxyewb/Public/Work/Practice/proj_x/modules/module_interface/install/module_interface/share/module_interface/cmake/module_interface__rosidl_typesupport_introspection_cExport-noconfig.cmake
-- Up-to-date: /home/wxyewb/Public/Work/Practice/proj_x/modules/module_interface/install/module_interface/share/module_interface/cmake/module_interface__rosidl_typesupport_cExport.cmake
-- Up-to-date: /home/wxyewb/Public/Work/Practice/proj_x/modules/module_interface/install/module_interface/share/module_interface/cmake/module_interface__rosidl_typesupport_cExport-noconfig.cmake
-- Up-to-date: /home/wxyewb/Public/Work/Practice/proj_x/modules/module_interface/install/module_interface/share/module_interface/cmake/module_interface__rosidl_typesupport_introspection_cppExport.cmake
-- Up-to-date: /home/wxyewb/Public/Work/Practice/proj_x/modules/module_interface/install/module_interface/share/module_interface/cmake/module_interface__rosidl_typesupport_introspection_cppExport-noconfig.cmake
-- Up-to-date: /home/wxyewb/Public/Work/Practice/proj_x/modules/module_interface/install/module_interface/share/module_interface/cmake/module_interface__rosidl_typesupport_cppExport.cmake
-- Up-to-date: /home/wxyewb/Public/Work/Practice/proj_x/modules/module_interface/install/module_interface/share/module_interface/cmake/module_interface__rosidl_typesupport_cppExport-noconfig.cmake
-- Up-to-date: /home/wxyewb/Public/Work/Practice/proj_x/modules/module_interface/install/module_interface/share/module_interface/cmake/export_module_interface__rosidl_generator_pyExport.cmake
-- Up-to-date: /home/wxyewb/Public/Work/Practice/proj_x/modules/module_interface/install/module_interface/share/module_interface/cmake/export_module_interface__rosidl_generator_pyExport-noconfig.cmake
-- Up-to-date: /home/wxyewb/Public/Work/Practice/proj_x/modules/module_interface/install/module_interface/share/module_interface/cmake/ament_cmake_export_dependencies-extras.cmake
-- Up-to-date: /home/wxyewb/Public/Work/Practice/proj_x/modules/module_interface/install/module_interface/share/module_interface/cmake/rosidl_cmake-extras.cmake
-- Up-to-date: /home/wxyewb/Public/Work/Practice/proj_x/modules/module_interface/install/module_interface/share/module_interface/cmake/ament_cmake_export_include_directories-extras.cmake
-- Up-to-date: /home/wxyewb/Public/Work/Practice/proj_x/modules/module_interface/install/module_interface/share/module_interface/cmake/ament_cmake_export_libraries-extras.cmake
-- Up-to-date: /home/wxyewb/Public/Work/Practice/proj_x/modules/module_interface/install/module_interface/share/module_interface/cmake/ament_cmake_export_targets-extras.cmake
-- Up-to-date: /home/wxyewb/Public/Work/Practice/proj_x/modules/module_interface/install/module_interface/share/module_interface/cmake/rosidl_cmake_export_typesupport_targets-extras.cmake
-- Up-to-date: /home/wxyewb/Public/Work/Practice/proj_x/modules/module_interface/install/module_interface/share/module_interface/cmake/rosidl_cmake_export_typesupport_libraries-extras.cmake
-- Up-to-date: /home/wxyewb/Public/Work/Practice/proj_x/modules/module_interface/install/module_interface/share/module_interface/cmake/module_interfaceConfig.cmake
-- Up-to-date: /home/wxyewb/Public/Work/Practice/proj_x/modules/module_interface/install/module_interface/share/module_interface/cmake/module_interfaceConfig-version.cmake
-- Up-to-date: /home/wxyewb/Public/Work/Practice/proj_x/modules/module_interface/install/module_interface/share/module_interface/package.xml
