[0.011s] Invoking command in '/home/wxyewb/Public/Work/Practice/proj_x/modules/module_interface/build/module_interface': CMAKE_PREFIX_PATH=${CMAKE_PREFIX_PATH}:/opt/ros/humble /usr/bin/cmake --build /home/wxyewb/Public/Work/Practice/proj_x/modules/module_interface/build/module_interface -- -j22 -l22
[0.045s] [35m[1mConsolidate compiler generated dependencies of target module_interface__rosidl_generator_c[0m
[0.053s] [  9%] Built target module_interface__rosidl_generator_c
[0.053s] [ 12%] Built target module_interface__cpp
[0.054s] [ 12%] Built target ament_cmake_python_copy_module_interface
[0.061s] [35m[1mConsolidate compiler generated dependencies of target module_interface__rosidl_typesupport_fastrtps_c[0m
[0.061s] [35m[1mConsolidate compiler generated dependencies of target module_interface__rosidl_typesupport_c[0m
[0.061s] [35m[1mConsolidate compiler generated dependencies of target module_interface__rosidl_typesupport_fastrtps_cpp[0m
[0.061s] [35m[1mConsolidate compiler generated dependencies of target module_interface__rosidl_typesupport_introspection_c[0m
[0.062s] [35m[1mConsolidate compiler generated dependencies of target module_interface__rosidl_typesupport_cpp[0m
[0.064s] [35m[1mConsolidate compiler generated dependencies of target module_interface__rosidl_typesupport_introspection_cpp[0m
[0.070s] [ 25%] Built target module_interface__rosidl_typesupport_c
[0.070s] [ 32%] Built target module_interface__rosidl_typesupport_fastrtps_c
[0.071s] [ 41%] Built target module_interface__rosidl_typesupport_fastrtps_cpp
[0.073s] [ 51%] Built target module_interface__rosidl_typesupport_cpp
[0.073s] [ 61%] Built target module_interface__rosidl_typesupport_introspection_c
[0.077s] [ 70%] Built target module_interface__rosidl_typesupport_introspection_cpp
[0.094s] [ 70%] Built target module_interface
[0.109s] [ 74%] Built target module_interface__py
[0.120s] [35m[1mConsolidate compiler generated dependencies of target module_interface__rosidl_generator_py[0m
[0.133s] [ 80%] Built target module_interface__rosidl_generator_py
[0.142s] [35m[1mConsolidate compiler generated dependencies of target module_interface__rosidl_typesupport_introspection_c__pyext[0m
[0.144s] [35m[1mConsolidate compiler generated dependencies of target module_interface__rosidl_typesupport_c__pyext[0m
[0.145s] [35m[1mConsolidate compiler generated dependencies of target module_interface__rosidl_typesupport_fastrtps_c__pyext[0m
[0.152s] [ 87%] Built target module_interface__rosidl_typesupport_introspection_c__pyext
[0.156s] [ 93%] Built target module_interface__rosidl_typesupport_c__pyext
[0.158s] [100%] Built target module_interface__rosidl_typesupport_fastrtps_c__pyext
[0.204s] running egg_info
[0.205s] writing module_interface.egg-info/PKG-INFO
[0.205s] writing dependency_links to module_interface.egg-info/dependency_links.txt
[0.205s] writing top-level names to module_interface.egg-info/top_level.txt
[0.206s] reading manifest file 'module_interface.egg-info/SOURCES.txt'
[0.206s] writing manifest file 'module_interface.egg-info/SOURCES.txt'
[0.223s] [100%] Built target ament_cmake_python_build_module_interface_egg
[0.234s] Invoked command in '/home/wxyewb/Public/Work/Practice/proj_x/modules/module_interface/build/module_interface' returned '0': CMAKE_PREFIX_PATH=${CMAKE_PREFIX_PATH}:/opt/ros/humble /usr/bin/cmake --build /home/wxyewb/Public/Work/Practice/proj_x/modules/module_interface/build/module_interface -- -j22 -l22
[0.243s] Invoking command in '/home/wxyewb/Public/Work/Practice/proj_x/modules/module_interface/build/module_interface': CMAKE_PREFIX_PATH=${CMAKE_PREFIX_PATH}:/opt/ros/humble /usr/bin/cmake --install /home/wxyewb/Public/Work/Practice/proj_x/modules/module_interface/build/module_interface
[0.248s] -- Install configuration: ""
[0.249s] -- Up-to-date: /home/wxyewb/Public/Work/Practice/proj_x/modules/module_interface/install/module_interface/share/ament_index/resource_index/rosidl_interfaces/module_interface
[0.249s] -- Up-to-date: /home/wxyewb/Public/Work/Practice/proj_x/modules/module_interface/install/module_interface/include/module_interface/module_interface
[0.249s] -- Up-to-date: /home/wxyewb/Public/Work/Practice/proj_x/modules/module_interface/install/module_interface/include/module_interface/module_interface/msg
[0.249s] -- Up-to-date: /home/wxyewb/Public/Work/Practice/proj_x/modules/module_interface/install/module_interface/include/module_interface/module_interface/msg/rosidl_generator_c__visibility_control.h
[0.249s] -- Up-to-date: /home/wxyewb/Public/Work/Practice/proj_x/modules/module_interface/install/module_interface/include/module_interface/module_interface/action
[0.249s] -- Up-to-date: /home/wxyewb/Public/Work/Practice/proj_x/modules/module_interface/install/module_interface/include/module_interface/module_interface/action/detail
[0.249s] -- Up-to-date: /home/wxyewb/Public/Work/Practice/proj_x/modules/module_interface/install/module_interface/include/module_interface/module_interface/action/detail/simple_action__type_support.h
[0.249s] -- Up-to-date: /home/wxyewb/Public/Work/Practice/proj_x/modules/module_interface/install/module_interface/include/module_interface/module_interface/action/detail/simple_action__functions.c
[0.249s] -- Up-to-date: /home/wxyewb/Public/Work/Practice/proj_x/modules/module_interface/install/module_interface/include/module_interface/module_interface/action/detail/simple_action__struct.h
[0.249s] -- Up-to-date: /home/wxyewb/Public/Work/Practice/proj_x/modules/module_interface/install/module_interface/include/module_interface/module_interface/action/detail/simple_action__functions.h
[0.249s] -- Up-to-date: /home/wxyewb/Public/Work/Practice/proj_x/modules/module_interface/install/module_interface/include/module_interface/module_interface/action/simple_action.h
[0.249s] -- Up-to-date: /home/wxyewb/Public/Work/Practice/proj_x/modules/module_interface/install/module_interface/share/module_interface/environment/library_path.sh
[0.249s] -- Up-to-date: /home/wxyewb/Public/Work/Practice/proj_x/modules/module_interface/install/module_interface/share/module_interface/environment/library_path.dsv
[0.249s] -- Up-to-date: /home/wxyewb/Public/Work/Practice/proj_x/modules/module_interface/install/module_interface/lib/libmodule_interface__rosidl_generator_c.so
[0.249s] -- Up-to-date: /home/wxyewb/Public/Work/Practice/proj_x/modules/module_interface/install/module_interface/include/module_interface/module_interface
[0.250s] -- Up-to-date: /home/wxyewb/Public/Work/Practice/proj_x/modules/module_interface/install/module_interface/include/module_interface/module_interface/msg
[0.250s] -- Up-to-date: /home/wxyewb/Public/Work/Practice/proj_x/modules/module_interface/install/module_interface/include/module_interface/module_interface/msg/rosidl_typesupport_fastrtps_c__visibility_control.h
[0.250s] -- Up-to-date: /home/wxyewb/Public/Work/Practice/proj_x/modules/module_interface/install/module_interface/include/module_interface/module_interface/action
[0.250s] -- Up-to-date: /home/wxyewb/Public/Work/Practice/proj_x/modules/module_interface/install/module_interface/include/module_interface/module_interface/action/detail
[0.250s] -- Up-to-date: /home/wxyewb/Public/Work/Practice/proj_x/modules/module_interface/install/module_interface/include/module_interface/module_interface/action/detail/simple_action__rosidl_typesupport_fastrtps_c.h
[0.250s] -- Up-to-date: /home/wxyewb/Public/Work/Practice/proj_x/modules/module_interface/install/module_interface/lib/libmodule_interface__rosidl_typesupport_fastrtps_c.so
[0.250s] -- Up-to-date: /home/wxyewb/Public/Work/Practice/proj_x/modules/module_interface/install/module_interface/include/module_interface/module_interface
[0.250s] -- Up-to-date: /home/wxyewb/Public/Work/Practice/proj_x/modules/module_interface/install/module_interface/include/module_interface/module_interface/msg
[0.250s] -- Up-to-date: /home/wxyewb/Public/Work/Practice/proj_x/modules/module_interface/install/module_interface/include/module_interface/module_interface/msg/rosidl_generator_cpp__visibility_control.hpp
[0.250s] -- Up-to-date: /home/wxyewb/Public/Work/Practice/proj_x/modules/module_interface/install/module_interface/include/module_interface/module_interface/action
[0.250s] -- Up-to-date: /home/wxyewb/Public/Work/Practice/proj_x/modules/module_interface/install/module_interface/include/module_interface/module_interface/action/detail
[0.250s] -- Up-to-date: /home/wxyewb/Public/Work/Practice/proj_x/modules/module_interface/install/module_interface/include/module_interface/module_interface/action/detail/simple_action__builder.hpp
[0.250s] -- Up-to-date: /home/wxyewb/Public/Work/Practice/proj_x/modules/module_interface/install/module_interface/include/module_interface/module_interface/action/detail/simple_action__type_support.hpp
[0.250s] -- Up-to-date: /home/wxyewb/Public/Work/Practice/proj_x/modules/module_interface/install/module_interface/include/module_interface/module_interface/action/detail/simple_action__traits.hpp
[0.251s] -- Up-to-date: /home/wxyewb/Public/Work/Practice/proj_x/modules/module_interface/install/module_interface/include/module_interface/module_interface/action/detail/simple_action__struct.hpp
[0.251s] -- Up-to-date: /home/wxyewb/Public/Work/Practice/proj_x/modules/module_interface/install/module_interface/include/module_interface/module_interface/action/simple_action.hpp
[0.251s] -- Up-to-date: /home/wxyewb/Public/Work/Practice/proj_x/modules/module_interface/install/module_interface/include/module_interface/module_interface
[0.251s] -- Up-to-date: /home/wxyewb/Public/Work/Practice/proj_x/modules/module_interface/install/module_interface/include/module_interface/module_interface/msg
[0.251s] -- Up-to-date: /home/wxyewb/Public/Work/Practice/proj_x/modules/module_interface/install/module_interface/include/module_interface/module_interface/msg/rosidl_typesupport_fastrtps_cpp__visibility_control.h
[0.251s] -- Up-to-date: /home/wxyewb/Public/Work/Practice/proj_x/modules/module_interface/install/module_interface/include/module_interface/module_interface/action
[0.251s] -- Up-to-date: /home/wxyewb/Public/Work/Practice/proj_x/modules/module_interface/install/module_interface/include/module_interface/module_interface/action/detail
[0.251s] -- Up-to-date: /home/wxyewb/Public/Work/Practice/proj_x/modules/module_interface/install/module_interface/include/module_interface/module_interface/action/detail/dds_fastrtps
[0.251s] -- Up-to-date: /home/wxyewb/Public/Work/Practice/proj_x/modules/module_interface/install/module_interface/include/module_interface/module_interface/action/detail/simple_action__rosidl_typesupport_fastrtps_cpp.hpp
[0.251s] -- Up-to-date: /home/wxyewb/Public/Work/Practice/proj_x/modules/module_interface/install/module_interface/lib/libmodule_interface__rosidl_typesupport_fastrtps_cpp.so
[0.251s] -- Up-to-date: /home/wxyewb/Public/Work/Practice/proj_x/modules/module_interface/install/module_interface/include/module_interface/module_interface
[0.251s] -- Up-to-date: /home/wxyewb/Public/Work/Practice/proj_x/modules/module_interface/install/module_interface/include/module_interface/module_interface/msg
[0.251s] -- Up-to-date: /home/wxyewb/Public/Work/Practice/proj_x/modules/module_interface/install/module_interface/include/module_interface/module_interface/msg/rosidl_typesupport_introspection_c__visibility_control.h
[0.251s] -- Up-to-date: /home/wxyewb/Public/Work/Practice/proj_x/modules/module_interface/install/module_interface/include/module_interface/module_interface/action
[0.251s] -- Up-to-date: /home/wxyewb/Public/Work/Practice/proj_x/modules/module_interface/install/module_interface/include/module_interface/module_interface/action/detail
[0.251s] -- Up-to-date: /home/wxyewb/Public/Work/Practice/proj_x/modules/module_interface/install/module_interface/include/module_interface/module_interface/action/detail/simple_action__type_support.c
[0.251s] -- Up-to-date: /home/wxyewb/Public/Work/Practice/proj_x/modules/module_interface/install/module_interface/include/module_interface/module_interface/action/detail/simple_action__rosidl_typesupport_introspection_c.h
[0.251s] -- Up-to-date: /home/wxyewb/Public/Work/Practice/proj_x/modules/module_interface/install/module_interface/lib/libmodule_interface__rosidl_typesupport_introspection_c.so
[0.251s] -- Up-to-date: /home/wxyewb/Public/Work/Practice/proj_x/modules/module_interface/install/module_interface/lib/libmodule_interface__rosidl_typesupport_c.so
[0.252s] -- Up-to-date: /home/wxyewb/Public/Work/Practice/proj_x/modules/module_interface/install/module_interface/include/module_interface/module_interface
[0.252s] -- Up-to-date: /home/wxyewb/Public/Work/Practice/proj_x/modules/module_interface/install/module_interface/include/module_interface/module_interface/action
[0.252s] -- Up-to-date: /home/wxyewb/Public/Work/Practice/proj_x/modules/module_interface/install/module_interface/include/module_interface/module_interface/action/detail
[0.252s] -- Up-to-date: /home/wxyewb/Public/Work/Practice/proj_x/modules/module_interface/install/module_interface/include/module_interface/module_interface/action/detail/simple_action__rosidl_typesupport_introspection_cpp.hpp
[0.252s] -- Up-to-date: /home/wxyewb/Public/Work/Practice/proj_x/modules/module_interface/install/module_interface/include/module_interface/module_interface/action/detail/simple_action__type_support.cpp
[0.252s] -- Up-to-date: /home/wxyewb/Public/Work/Practice/proj_x/modules/module_interface/install/module_interface/lib/libmodule_interface__rosidl_typesupport_introspection_cpp.so
[0.252s] -- Up-to-date: /home/wxyewb/Public/Work/Practice/proj_x/modules/module_interface/install/module_interface/lib/libmodule_interface__rosidl_typesupport_cpp.so
[0.252s] -- Up-to-date: /home/wxyewb/Public/Work/Practice/proj_x/modules/module_interface/install/module_interface/share/module_interface/environment/pythonpath.sh
[0.252s] -- Up-to-date: /home/wxyewb/Public/Work/Practice/proj_x/modules/module_interface/install/module_interface/share/module_interface/environment/pythonpath.dsv
[0.252s] -- Up-to-date: /home/wxyewb/Public/Work/Practice/proj_x/modules/module_interface/install/module_interface/local/lib/python3.10/dist-packages/module_interface-0.0.0-py3.10.egg-info
[0.252s] -- Installing: /home/wxyewb/Public/Work/Practice/proj_x/modules/module_interface/install/module_interface/local/lib/python3.10/dist-packages/module_interface-0.0.0-py3.10.egg-info/SOURCES.txt
[0.253s] -- Installing: /home/wxyewb/Public/Work/Practice/proj_x/modules/module_interface/install/module_interface/local/lib/python3.10/dist-packages/module_interface-0.0.0-py3.10.egg-info/top_level.txt
[0.253s] -- Installing: /home/wxyewb/Public/Work/Practice/proj_x/modules/module_interface/install/module_interface/local/lib/python3.10/dist-packages/module_interface-0.0.0-py3.10.egg-info/dependency_links.txt
[0.253s] -- Installing: /home/wxyewb/Public/Work/Practice/proj_x/modules/module_interface/install/module_interface/local/lib/python3.10/dist-packages/module_interface-0.0.0-py3.10.egg-info/PKG-INFO
[0.253s] -- Up-to-date: /home/wxyewb/Public/Work/Practice/proj_x/modules/module_interface/install/module_interface/local/lib/python3.10/dist-packages/module_interface
[0.253s] -- Up-to-date: /home/wxyewb/Public/Work/Practice/proj_x/modules/module_interface/install/module_interface/local/lib/python3.10/dist-packages/module_interface/module_interface_s__rosidl_typesupport_introspection_c.cpython-310-x86_64-linux-gnu.so
[0.253s] -- Up-to-date: /home/wxyewb/Public/Work/Practice/proj_x/modules/module_interface/install/module_interface/local/lib/python3.10/dist-packages/module_interface/_module_interface_s.ep.rosidl_typesupport_introspection_c.c
[0.254s] -- Up-to-date: /home/wxyewb/Public/Work/Practice/proj_x/modules/module_interface/install/module_interface/local/lib/python3.10/dist-packages/module_interface/module_interface_s__rosidl_typesupport_fastrtps_c.cpython-310-x86_64-linux-gnu.so
[0.254s] -- Up-to-date: /home/wxyewb/Public/Work/Practice/proj_x/modules/module_interface/install/module_interface/local/lib/python3.10/dist-packages/module_interface/_module_interface_s.ep.rosidl_typesupport_fastrtps_c.c
[0.254s] -- Up-to-date: /home/wxyewb/Public/Work/Practice/proj_x/modules/module_interface/install/module_interface/local/lib/python3.10/dist-packages/module_interface/libmodule_interface__rosidl_generator_py.so
[0.254s] -- Up-to-date: /home/wxyewb/Public/Work/Practice/proj_x/modules/module_interface/install/module_interface/local/lib/python3.10/dist-packages/module_interface/__init__.py
[0.254s] -- Up-to-date: /home/wxyewb/Public/Work/Practice/proj_x/modules/module_interface/install/module_interface/local/lib/python3.10/dist-packages/module_interface/action
[0.254s] -- Up-to-date: /home/wxyewb/Public/Work/Practice/proj_x/modules/module_interface/install/module_interface/local/lib/python3.10/dist-packages/module_interface/action/_simple_action.py
[0.254s] -- Up-to-date: /home/wxyewb/Public/Work/Practice/proj_x/modules/module_interface/install/module_interface/local/lib/python3.10/dist-packages/module_interface/action/_simple_action_s.c
[0.254s] -- Up-to-date: /home/wxyewb/Public/Work/Practice/proj_x/modules/module_interface/install/module_interface/local/lib/python3.10/dist-packages/module_interface/action/__init__.py
[0.254s] -- Up-to-date: /home/wxyewb/Public/Work/Practice/proj_x/modules/module_interface/install/module_interface/local/lib/python3.10/dist-packages/module_interface/_module_interface_s.ep.rosidl_typesupport_c.c
[0.254s] -- Up-to-date: /home/wxyewb/Public/Work/Practice/proj_x/modules/module_interface/install/module_interface/local/lib/python3.10/dist-packages/module_interface/module_interface_s__rosidl_typesupport_c.cpython-310-x86_64-linux-gnu.so
[0.276s] Listing '/home/wxyewb/Public/Work/Practice/proj_x/modules/module_interface/install/module_interface/local/lib/python3.10/dist-packages/module_interface'...
[0.276s] Listing '/home/wxyewb/Public/Work/Practice/proj_x/modules/module_interface/install/module_interface/local/lib/python3.10/dist-packages/module_interface/action'...
[0.278s] -- Up-to-date: /home/wxyewb/Public/Work/Practice/proj_x/modules/module_interface/install/module_interface/local/lib/python3.10/dist-packages/module_interface/module_interface_s__rosidl_typesupport_fastrtps_c.cpython-310-x86_64-linux-gnu.so
[0.278s] -- Up-to-date: /home/wxyewb/Public/Work/Practice/proj_x/modules/module_interface/install/module_interface/local/lib/python3.10/dist-packages/module_interface/module_interface_s__rosidl_typesupport_introspection_c.cpython-310-x86_64-linux-gnu.so
[0.279s] -- Up-to-date: /home/wxyewb/Public/Work/Practice/proj_x/modules/module_interface/install/module_interface/local/lib/python3.10/dist-packages/module_interface/module_interface_s__rosidl_typesupport_c.cpython-310-x86_64-linux-gnu.so
[0.279s] -- Up-to-date: /home/wxyewb/Public/Work/Practice/proj_x/modules/module_interface/install/module_interface/lib/libmodule_interface__rosidl_generator_py.so
[0.279s] -- Up-to-date: /home/wxyewb/Public/Work/Practice/proj_x/modules/module_interface/install/module_interface/share/module_interface/action/SimpleAction.idl
[0.279s] -- Up-to-date: /home/wxyewb/Public/Work/Practice/proj_x/modules/module_interface/install/module_interface/share/module_interface/action/SimpleAction.action
[0.279s] -- Up-to-date: /home/wxyewb/Public/Work/Practice/proj_x/modules/module_interface/install/module_interface/share/ament_index/resource_index/package_run_dependencies/module_interface
[0.279s] -- Up-to-date: /home/wxyewb/Public/Work/Practice/proj_x/modules/module_interface/install/module_interface/share/ament_index/resource_index/parent_prefix_path/module_interface
[0.279s] -- Up-to-date: /home/wxyewb/Public/Work/Practice/proj_x/modules/module_interface/install/module_interface/share/module_interface/environment/ament_prefix_path.sh
[0.279s] -- Up-to-date: /home/wxyewb/Public/Work/Practice/proj_x/modules/module_interface/install/module_interface/share/module_interface/environment/ament_prefix_path.dsv
[0.279s] -- Up-to-date: /home/wxyewb/Public/Work/Practice/proj_x/modules/module_interface/install/module_interface/share/module_interface/environment/path.sh
[0.279s] -- Up-to-date: /home/wxyewb/Public/Work/Practice/proj_x/modules/module_interface/install/module_interface/share/module_interface/environment/path.dsv
[0.279s] -- Up-to-date: /home/wxyewb/Public/Work/Practice/proj_x/modules/module_interface/install/module_interface/share/module_interface/local_setup.bash
[0.279s] -- Up-to-date: /home/wxyewb/Public/Work/Practice/proj_x/modules/module_interface/install/module_interface/share/module_interface/local_setup.sh
[0.279s] -- Up-to-date: /home/wxyewb/Public/Work/Practice/proj_x/modules/module_interface/install/module_interface/share/module_interface/local_setup.zsh
[0.279s] -- Up-to-date: /home/wxyewb/Public/Work/Practice/proj_x/modules/module_interface/install/module_interface/share/module_interface/local_setup.dsv
[0.280s] -- Installing: /home/wxyewb/Public/Work/Practice/proj_x/modules/module_interface/install/module_interface/share/module_interface/package.dsv
[0.280s] -- Up-to-date: /home/wxyewb/Public/Work/Practice/proj_x/modules/module_interface/install/module_interface/share/ament_index/resource_index/packages/module_interface
[0.280s] -- Up-to-date: /home/wxyewb/Public/Work/Practice/proj_x/modules/module_interface/install/module_interface/share/module_interface/cmake/export_module_interface__rosidl_generator_cExport.cmake
[0.280s] -- Up-to-date: /home/wxyewb/Public/Work/Practice/proj_x/modules/module_interface/install/module_interface/share/module_interface/cmake/export_module_interface__rosidl_generator_cExport-noconfig.cmake
[0.280s] -- Up-to-date: /home/wxyewb/Public/Work/Practice/proj_x/modules/module_interface/install/module_interface/share/module_interface/cmake/export_module_interface__rosidl_typesupport_fastrtps_cExport.cmake
[0.280s] -- Up-to-date: /home/wxyewb/Public/Work/Practice/proj_x/modules/module_interface/install/module_interface/share/module_interface/cmake/export_module_interface__rosidl_typesupport_fastrtps_cExport-noconfig.cmake
[0.280s] -- Up-to-date: /home/wxyewb/Public/Work/Practice/proj_x/modules/module_interface/install/module_interface/share/module_interface/cmake/export_module_interface__rosidl_generator_cppExport.cmake
[0.280s] -- Up-to-date: /home/wxyewb/Public/Work/Practice/proj_x/modules/module_interface/install/module_interface/share/module_interface/cmake/export_module_interface__rosidl_typesupport_fastrtps_cppExport.cmake
[0.280s] -- Up-to-date: /home/wxyewb/Public/Work/Practice/proj_x/modules/module_interface/install/module_interface/share/module_interface/cmake/export_module_interface__rosidl_typesupport_fastrtps_cppExport-noconfig.cmake
[0.280s] -- Up-to-date: /home/wxyewb/Public/Work/Practice/proj_x/modules/module_interface/install/module_interface/share/module_interface/cmake/module_interface__rosidl_typesupport_introspection_cExport.cmake
[0.280s] -- Up-to-date: /home/wxyewb/Public/Work/Practice/proj_x/modules/module_interface/install/module_interface/share/module_interface/cmake/module_interface__rosidl_typesupport_introspection_cExport-noconfig.cmake
[0.280s] -- Up-to-date: /home/wxyewb/Public/Work/Practice/proj_x/modules/module_interface/install/module_interface/share/module_interface/cmake/module_interface__rosidl_typesupport_cExport.cmake
[0.280s] -- Up-to-date: /home/wxyewb/Public/Work/Practice/proj_x/modules/module_interface/install/module_interface/share/module_interface/cmake/module_interface__rosidl_typesupport_cExport-noconfig.cmake
[0.280s] -- Up-to-date: /home/wxyewb/Public/Work/Practice/proj_x/modules/module_interface/install/module_interface/share/module_interface/cmake/module_interface__rosidl_typesupport_introspection_cppExport.cmake
[0.280s] -- Up-to-date: /home/wxyewb/Public/Work/Practice/proj_x/modules/module_interface/install/module_interface/share/module_interface/cmake/module_interface__rosidl_typesupport_introspection_cppExport-noconfig.cmake
[0.280s] -- Up-to-date: /home/wxyewb/Public/Work/Practice/proj_x/modules/module_interface/install/module_interface/share/module_interface/cmake/module_interface__rosidl_typesupport_cppExport.cmake
[0.280s] -- Up-to-date: /home/wxyewb/Public/Work/Practice/proj_x/modules/module_interface/install/module_interface/share/module_interface/cmake/module_interface__rosidl_typesupport_cppExport-noconfig.cmake
[0.280s] -- Up-to-date: /home/wxyewb/Public/Work/Practice/proj_x/modules/module_interface/install/module_interface/share/module_interface/cmake/export_module_interface__rosidl_generator_pyExport.cmake
[0.280s] -- Up-to-date: /home/wxyewb/Public/Work/Practice/proj_x/modules/module_interface/install/module_interface/share/module_interface/cmake/export_module_interface__rosidl_generator_pyExport-noconfig.cmake
[0.280s] -- Up-to-date: /home/wxyewb/Public/Work/Practice/proj_x/modules/module_interface/install/module_interface/share/module_interface/cmake/ament_cmake_export_dependencies-extras.cmake
[0.280s] -- Up-to-date: /home/wxyewb/Public/Work/Practice/proj_x/modules/module_interface/install/module_interface/share/module_interface/cmake/rosidl_cmake-extras.cmake
[0.280s] -- Up-to-date: /home/wxyewb/Public/Work/Practice/proj_x/modules/module_interface/install/module_interface/share/module_interface/cmake/ament_cmake_export_include_directories-extras.cmake
[0.281s] -- Up-to-date: /home/wxyewb/Public/Work/Practice/proj_x/modules/module_interface/install/module_interface/share/module_interface/cmake/ament_cmake_export_libraries-extras.cmake
[0.281s] -- Up-to-date: /home/wxyewb/Public/Work/Practice/proj_x/modules/module_interface/install/module_interface/share/module_interface/cmake/ament_cmake_export_targets-extras.cmake
[0.281s] -- Up-to-date: /home/wxyewb/Public/Work/Practice/proj_x/modules/module_interface/install/module_interface/share/module_interface/cmake/rosidl_cmake_export_typesupport_targets-extras.cmake
[0.281s] -- Up-to-date: /home/wxyewb/Public/Work/Practice/proj_x/modules/module_interface/install/module_interface/share/module_interface/cmake/rosidl_cmake_export_typesupport_libraries-extras.cmake
[0.281s] -- Up-to-date: /home/wxyewb/Public/Work/Practice/proj_x/modules/module_interface/install/module_interface/share/module_interface/cmake/module_interfaceConfig.cmake
[0.281s] -- Up-to-date: /home/wxyewb/Public/Work/Practice/proj_x/modules/module_interface/install/module_interface/share/module_interface/cmake/module_interfaceConfig-version.cmake
[0.281s] -- Up-to-date: /home/wxyewb/Public/Work/Practice/proj_x/modules/module_interface/install/module_interface/share/module_interface/package.xml
[0.282s] Invoked command in '/home/wxyewb/Public/Work/Practice/proj_x/modules/module_interface/build/module_interface' returned '0': CMAKE_PREFIX_PATH=${CMAKE_PREFIX_PATH}:/opt/ros/humble /usr/bin/cmake --install /home/wxyewb/Public/Work/Practice/proj_x/modules/module_interface/build/module_interface
