[0.011s] Invoking command in '/home/wxyewb/Public/Work/Practice/proj_x/modules/module_interface/build/module_interface': CMAKE_PREFIX_PATH=${CMAKE_PREFIX_PATH}:/opt/ros/humble /usr/bin/cmake --build /home/wxyewb/Public/Work/Practice/proj_x/modules/module_interface/build/module_interface -- -j22 -l22
[0.031s] -- Found ament_cmake: 1.3.12 (/opt/ros/humble/share/ament_cmake/cmake)
[0.120s] -- Found std_msgs: 4.9.0 (/opt/ros/humble/share/std_msgs/cmake)
[0.135s] -- Found rosidl_generator_c: 3.1.7 (/opt/ros/humble/share/rosidl_generator_c/cmake)
[0.137s] -- Found rosidl_adapter: 3.1.7 (/opt/ros/humble/share/rosidl_adapter/cmake)
[0.142s] -- Found rosidl_generator_cpp: 3.1.7 (/opt/ros/humble/share/rosidl_generator_cpp/cmake)
[0.149s] -- Using all available rosidl_typesupport_c: rosidl_typesupport_fastrtps_c;rosidl_typesupport_introspection_c
[0.155s] -- Using all available rosidl_typesupport_cpp: rosidl_typesupport_fastrtps_cpp;rosidl_typesupport_introspection_cpp
[0.173s] -- Found std_srvs: 4.9.0 (/opt/ros/humble/share/std_srvs/cmake)
[0.178s] -- Found rosidl_default_generators: 1.2.0 (/opt/ros/humble/share/rosidl_default_generators/cmake)
[0.367s] -- Found ament_cmake_ros: 0.10.0 (/opt/ros/humble/share/ament_cmake_ros/cmake)
[0.568s] -- Using all available rosidl_typesupport_c: rosidl_typesupport_fastrtps_c;rosidl_typesupport_introspection_c
[0.658s] -- Using all available rosidl_typesupport_cpp: rosidl_typesupport_fastrtps_cpp;rosidl_typesupport_introspection_cpp
[0.681s] -- Found python_cmake_module: 0.10.0 (/opt/ros/humble/share/python_cmake_module/cmake)
[0.700s] -- Using PYTHON_EXECUTABLE: /usr/bin/python3
[0.700s] -- Using PYTHON_INCLUDE_DIRS: /usr/include/python3.10
[0.700s] -- Using PYTHON_LIBRARIES: /usr/lib/x86_64-linux-gnu/libpython3.10.so
[0.714s] -- Found ament_lint_auto: 0.12.14 (/opt/ros/humble/share/ament_lint_auto/cmake)
[0.722s] -- Added test 'copyright' to check source files copyright and LICENSE
[0.740s] -- Added test 'cppcheck' to perform static code analysis on C / C++ code
[0.741s] -- Configured cppcheck include dirs: /home/wxyewb/Public/Work/Practice/proj_x/modules/module_interface/include;$<BUILD_INTERFACE:/home/wxyewb/Public/Work/Practice/proj_x/modules/module_interface/build/module_interface/rosidl_generator_c>;$<BUILD_INTERFACE:/home/wxyewb/Public/Work/Practice/proj_x/modules/module_interface/build/module_interface/rosidl_typesupport_fastrtps_c>;$<BUILD_INTERFACE:/home/wxyewb/Public/Work/Practice/proj_x/modules/module_interface/build/module_interface/rosidl_generator_cpp>;$<BUILD_INTERFACE:/home/wxyewb/Public/Work/Practice/proj_x/modules/module_interface/build/module_interface/rosidl_typesupport_fastrtps_cpp>;$<BUILD_INTERFACE:/home/wxyewb/Public/Work/Practice/proj_x/modules/module_interface/build/module_interface/rosidl_typesupport_introspection_c>;$<BUILD_INTERFACE:/home/wxyewb/Public/Work/Practice/proj_x/modules/module_interface/build/module_interface/rosidl_typesupport_introspection_cpp>;/home/wxyewb/Public/Work/Practice/proj_x/modules/module_interface/build/module_interface/rosidl_generator_c;/home/wxyewb/Public/Work/Practice/proj_x/modules/module_interface/build/module_interface/rosidl_generator_py
[0.741s] -- Configured cppcheck exclude dirs and/or files: 
[0.757s] -- Added test 'cpplint' to check C / C++ code against the Google style
[0.758s] -- Configured cpplint exclude dirs and/or files: 
[0.760s] -- Added test 'flake8' to check Python code syntax and style conventions
[0.764s] -- Added test 'lint_cmake' to check CMake code style
[0.767s] -- Added test 'pep257' to check Python code against some of the docstring style conventions in PEP 257
[0.784s] -- Added test 'uncrustify' to check C / C++ code style
[0.784s] -- Configured uncrustify additional arguments: 
[0.786s] -- Added test 'xmllint' to check XML markup files
[0.787s] -- Configuring done
[0.809s] -- Generating done
[0.818s] -- Build files have been written to: /home/wxyewb/Public/Work/Practice/proj_x/modules/module_interface/build/module_interface
[0.843s] [35m[1mConsolidate compiler generated dependencies of target module_interface__rosidl_generator_c[0m
[0.853s] [  3%] Built target module_interface__cpp
[0.854s] [ 12%] Built target module_interface__rosidl_generator_c
[0.861s] [ 12%] Built target ament_cmake_python_copy_module_interface
[0.861s] [35m[1mConsolidate compiler generated dependencies of target module_interface__rosidl_typesupport_cpp[0m
[0.861s] [35m[1mConsolidate compiler generated dependencies of target module_interface__rosidl_typesupport_introspection_cpp[0m
[0.861s] [35m[1mConsolidate compiler generated dependencies of target module_interface__rosidl_typesupport_fastrtps_cpp[0m
[0.862s] [35m[1mConsolidate compiler generated dependencies of target module_interface__rosidl_typesupport_introspection_c[0m
[0.863s] [35m[1mConsolidate compiler generated dependencies of target module_interface__rosidl_typesupport_fastrtps_c[0m
[0.865s] [35m[1mConsolidate compiler generated dependencies of target module_interface__rosidl_typesupport_c[0m
[0.871s] [ 22%] Built target module_interface__rosidl_typesupport_introspection_cpp
[0.872s] [ 32%] Built target module_interface__rosidl_typesupport_fastrtps_c
[0.873s] [ 41%] Built target module_interface__rosidl_typesupport_introspection_c
[0.873s] [ 51%] Built target module_interface__rosidl_typesupport_fastrtps_cpp
[0.874s] [ 61%] Built target module_interface__rosidl_typesupport_cpp
[0.876s] [ 70%] Built target module_interface__rosidl_typesupport_c
[0.890s] [ 70%] Built target module_interface
[0.911s] [ 74%] Built target module_interface__py
[0.922s] [35m[1mConsolidate compiler generated dependencies of target module_interface__rosidl_generator_py[0m
[0.932s] [ 80%] Built target module_interface__rosidl_generator_py
[0.942s] [35m[1mConsolidate compiler generated dependencies of target module_interface__rosidl_typesupport_c__pyext[0m
[0.943s] [35m[1mConsolidate compiler generated dependencies of target module_interface__rosidl_typesupport_fastrtps_c__pyext[0m
[0.943s] [35m[1mConsolidate compiler generated dependencies of target module_interface__rosidl_typesupport_introspection_c__pyext[0m
[0.951s] [ 87%] Built target module_interface__rosidl_typesupport_c__pyext
[0.956s] [ 93%] Built target module_interface__rosidl_typesupport_introspection_c__pyext
[0.957s] [100%] Built target module_interface__rosidl_typesupport_fastrtps_c__pyext
[1.010s] running egg_info
[1.010s] writing module_interface.egg-info/PKG-INFO
[1.010s] writing dependency_links to module_interface.egg-info/dependency_links.txt
[1.011s] writing top-level names to module_interface.egg-info/top_level.txt
[1.012s] reading manifest file 'module_interface.egg-info/SOURCES.txt'
[1.012s] writing manifest file 'module_interface.egg-info/SOURCES.txt'
[1.033s] [100%] Built target ament_cmake_python_build_module_interface_egg
[1.046s] Invoked command in '/home/wxyewb/Public/Work/Practice/proj_x/modules/module_interface/build/module_interface' returned '0': CMAKE_PREFIX_PATH=${CMAKE_PREFIX_PATH}:/opt/ros/humble /usr/bin/cmake --build /home/wxyewb/Public/Work/Practice/proj_x/modules/module_interface/build/module_interface -- -j22 -l22
[1.056s] Invoking command in '/home/wxyewb/Public/Work/Practice/proj_x/modules/module_interface/build/module_interface': CMAKE_PREFIX_PATH=${CMAKE_PREFIX_PATH}:/opt/ros/humble /usr/bin/cmake --install /home/wxyewb/Public/Work/Practice/proj_x/modules/module_interface/build/module_interface
[1.062s] -- Install configuration: ""
[1.062s] -- Up-to-date: /home/wxyewb/Public/Work/Practice/proj_x/modules/module_interface/install/module_interface/share/ament_index/resource_index/rosidl_interfaces/module_interface
[1.062s] -- Up-to-date: /home/wxyewb/Public/Work/Practice/proj_x/modules/module_interface/install/module_interface/include/module_interface/module_interface
[1.063s] -- Up-to-date: /home/wxyewb/Public/Work/Practice/proj_x/modules/module_interface/install/module_interface/include/module_interface/module_interface/msg
[1.063s] -- Up-to-date: /home/wxyewb/Public/Work/Practice/proj_x/modules/module_interface/install/module_interface/include/module_interface/module_interface/msg/rosidl_generator_c__visibility_control.h
[1.063s] -- Up-to-date: /home/wxyewb/Public/Work/Practice/proj_x/modules/module_interface/install/module_interface/include/module_interface/module_interface/action
[1.063s] -- Up-to-date: /home/wxyewb/Public/Work/Practice/proj_x/modules/module_interface/install/module_interface/include/module_interface/module_interface/action/detail
[1.063s] -- Up-to-date: /home/wxyewb/Public/Work/Practice/proj_x/modules/module_interface/install/module_interface/include/module_interface/module_interface/action/detail/simple_action__type_support.h
[1.063s] -- Up-to-date: /home/wxyewb/Public/Work/Practice/proj_x/modules/module_interface/install/module_interface/include/module_interface/module_interface/action/detail/simple_action__functions.c
[1.063s] -- Up-to-date: /home/wxyewb/Public/Work/Practice/proj_x/modules/module_interface/install/module_interface/include/module_interface/module_interface/action/detail/simple_action__struct.h
[1.063s] -- Up-to-date: /home/wxyewb/Public/Work/Practice/proj_x/modules/module_interface/install/module_interface/include/module_interface/module_interface/action/detail/simple_action__functions.h
[1.063s] -- Up-to-date: /home/wxyewb/Public/Work/Practice/proj_x/modules/module_interface/install/module_interface/include/module_interface/module_interface/action/simple_action.h
[1.064s] -- Up-to-date: /home/wxyewb/Public/Work/Practice/proj_x/modules/module_interface/install/module_interface/share/module_interface/environment/library_path.sh
[1.064s] -- Installing: /home/wxyewb/Public/Work/Practice/proj_x/modules/module_interface/install/module_interface/share/module_interface/environment/library_path.dsv
[1.064s] -- Up-to-date: /home/wxyewb/Public/Work/Practice/proj_x/modules/module_interface/install/module_interface/lib/libmodule_interface__rosidl_generator_c.so
[1.064s] -- Up-to-date: /home/wxyewb/Public/Work/Practice/proj_x/modules/module_interface/install/module_interface/include/module_interface/module_interface
[1.064s] -- Up-to-date: /home/wxyewb/Public/Work/Practice/proj_x/modules/module_interface/install/module_interface/include/module_interface/module_interface/msg
[1.064s] -- Up-to-date: /home/wxyewb/Public/Work/Practice/proj_x/modules/module_interface/install/module_interface/include/module_interface/module_interface/msg/rosidl_typesupport_fastrtps_c__visibility_control.h
[1.064s] -- Up-to-date: /home/wxyewb/Public/Work/Practice/proj_x/modules/module_interface/install/module_interface/include/module_interface/module_interface/action
[1.064s] -- Up-to-date: /home/wxyewb/Public/Work/Practice/proj_x/modules/module_interface/install/module_interface/include/module_interface/module_interface/action/detail
[1.064s] -- Up-to-date: /home/wxyewb/Public/Work/Practice/proj_x/modules/module_interface/install/module_interface/include/module_interface/module_interface/action/detail/simple_action__rosidl_typesupport_fastrtps_c.h
[1.064s] -- Up-to-date: /home/wxyewb/Public/Work/Practice/proj_x/modules/module_interface/install/module_interface/lib/libmodule_interface__rosidl_typesupport_fastrtps_c.so
[1.064s] -- Up-to-date: /home/wxyewb/Public/Work/Practice/proj_x/modules/module_interface/install/module_interface/include/module_interface/module_interface
[1.064s] -- Up-to-date: /home/wxyewb/Public/Work/Practice/proj_x/modules/module_interface/install/module_interface/include/module_interface/module_interface/msg
[1.065s] -- Up-to-date: /home/wxyewb/Public/Work/Practice/proj_x/modules/module_interface/install/module_interface/include/module_interface/module_interface/msg/rosidl_generator_cpp__visibility_control.hpp
[1.065s] -- Up-to-date: /home/wxyewb/Public/Work/Practice/proj_x/modules/module_interface/install/module_interface/include/module_interface/module_interface/action
[1.065s] -- Up-to-date: /home/wxyewb/Public/Work/Practice/proj_x/modules/module_interface/install/module_interface/include/module_interface/module_interface/action/detail
[1.065s] -- Up-to-date: /home/wxyewb/Public/Work/Practice/proj_x/modules/module_interface/install/module_interface/include/module_interface/module_interface/action/detail/simple_action__builder.hpp
[1.065s] -- Up-to-date: /home/wxyewb/Public/Work/Practice/proj_x/modules/module_interface/install/module_interface/include/module_interface/module_interface/action/detail/simple_action__type_support.hpp
[1.065s] -- Up-to-date: /home/wxyewb/Public/Work/Practice/proj_x/modules/module_interface/install/module_interface/include/module_interface/module_interface/action/detail/simple_action__traits.hpp
[1.065s] -- Up-to-date: /home/wxyewb/Public/Work/Practice/proj_x/modules/module_interface/install/module_interface/include/module_interface/module_interface/action/detail/simple_action__struct.hpp
[1.065s] -- Up-to-date: /home/wxyewb/Public/Work/Practice/proj_x/modules/module_interface/install/module_interface/include/module_interface/module_interface/action/simple_action.hpp
[1.065s] -- Up-to-date: /home/wxyewb/Public/Work/Practice/proj_x/modules/module_interface/install/module_interface/include/module_interface/module_interface
[1.065s] -- Up-to-date: /home/wxyewb/Public/Work/Practice/proj_x/modules/module_interface/install/module_interface/include/module_interface/module_interface/msg
[1.065s] -- Up-to-date: /home/wxyewb/Public/Work/Practice/proj_x/modules/module_interface/install/module_interface/include/module_interface/module_interface/msg/rosidl_typesupport_fastrtps_cpp__visibility_control.h
[1.065s] -- Up-to-date: /home/wxyewb/Public/Work/Practice/proj_x/modules/module_interface/install/module_interface/include/module_interface/module_interface/action
[1.065s] -- Up-to-date: /home/wxyewb/Public/Work/Practice/proj_x/modules/module_interface/install/module_interface/include/module_interface/module_interface/action/detail
[1.065s] -- Up-to-date: /home/wxyewb/Public/Work/Practice/proj_x/modules/module_interface/install/module_interface/include/module_interface/module_interface/action/detail/dds_fastrtps
[1.065s] -- Up-to-date: /home/wxyewb/Public/Work/Practice/proj_x/modules/module_interface/install/module_interface/include/module_interface/module_interface/action/detail/simple_action__rosidl_typesupport_fastrtps_cpp.hpp
[1.065s] -- Up-to-date: /home/wxyewb/Public/Work/Practice/proj_x/modules/module_interface/install/module_interface/lib/libmodule_interface__rosidl_typesupport_fastrtps_cpp.so
[1.066s] -- Up-to-date: /home/wxyewb/Public/Work/Practice/proj_x/modules/module_interface/install/module_interface/include/module_interface/module_interface
[1.066s] -- Up-to-date: /home/wxyewb/Public/Work/Practice/proj_x/modules/module_interface/install/module_interface/include/module_interface/module_interface/msg
[1.066s] -- Up-to-date: /home/wxyewb/Public/Work/Practice/proj_x/modules/module_interface/install/module_interface/include/module_interface/module_interface/msg/rosidl_typesupport_introspection_c__visibility_control.h
[1.066s] -- Up-to-date: /home/wxyewb/Public/Work/Practice/proj_x/modules/module_interface/install/module_interface/include/module_interface/module_interface/action
[1.066s] -- Up-to-date: /home/wxyewb/Public/Work/Practice/proj_x/modules/module_interface/install/module_interface/include/module_interface/module_interface/action/detail
[1.066s] -- Up-to-date: /home/wxyewb/Public/Work/Practice/proj_x/modules/module_interface/install/module_interface/include/module_interface/module_interface/action/detail/simple_action__type_support.c
[1.066s] -- Up-to-date: /home/wxyewb/Public/Work/Practice/proj_x/modules/module_interface/install/module_interface/include/module_interface/module_interface/action/detail/simple_action__rosidl_typesupport_introspection_c.h
[1.066s] -- Up-to-date: /home/wxyewb/Public/Work/Practice/proj_x/modules/module_interface/install/module_interface/lib/libmodule_interface__rosidl_typesupport_introspection_c.so
[1.066s] -- Up-to-date: /home/wxyewb/Public/Work/Practice/proj_x/modules/module_interface/install/module_interface/lib/libmodule_interface__rosidl_typesupport_c.so
[1.066s] -- Up-to-date: /home/wxyewb/Public/Work/Practice/proj_x/modules/module_interface/install/module_interface/include/module_interface/module_interface
[1.066s] -- Up-to-date: /home/wxyewb/Public/Work/Practice/proj_x/modules/module_interface/install/module_interface/include/module_interface/module_interface/action
[1.066s] -- Up-to-date: /home/wxyewb/Public/Work/Practice/proj_x/modules/module_interface/install/module_interface/include/module_interface/module_interface/action/detail
[1.066s] -- Up-to-date: /home/wxyewb/Public/Work/Practice/proj_x/modules/module_interface/install/module_interface/include/module_interface/module_interface/action/detail/simple_action__rosidl_typesupport_introspection_cpp.hpp
[1.066s] -- Up-to-date: /home/wxyewb/Public/Work/Practice/proj_x/modules/module_interface/install/module_interface/include/module_interface/module_interface/action/detail/simple_action__type_support.cpp
[1.066s] -- Up-to-date: /home/wxyewb/Public/Work/Practice/proj_x/modules/module_interface/install/module_interface/lib/libmodule_interface__rosidl_typesupport_introspection_cpp.so
[1.066s] -- Up-to-date: /home/wxyewb/Public/Work/Practice/proj_x/modules/module_interface/install/module_interface/lib/libmodule_interface__rosidl_typesupport_cpp.so
[1.066s] -- Up-to-date: /home/wxyewb/Public/Work/Practice/proj_x/modules/module_interface/install/module_interface/share/module_interface/environment/pythonpath.sh
[1.066s] -- Installing: /home/wxyewb/Public/Work/Practice/proj_x/modules/module_interface/install/module_interface/share/module_interface/environment/pythonpath.dsv
[1.066s] -- Up-to-date: /home/wxyewb/Public/Work/Practice/proj_x/modules/module_interface/install/module_interface/local/lib/python3.10/dist-packages/module_interface-0.0.0-py3.10.egg-info
[1.066s] -- Installing: /home/wxyewb/Public/Work/Practice/proj_x/modules/module_interface/install/module_interface/local/lib/python3.10/dist-packages/module_interface-0.0.0-py3.10.egg-info/SOURCES.txt
[1.066s] -- Installing: /home/wxyewb/Public/Work/Practice/proj_x/modules/module_interface/install/module_interface/local/lib/python3.10/dist-packages/module_interface-0.0.0-py3.10.egg-info/top_level.txt
[1.067s] -- Installing: /home/wxyewb/Public/Work/Practice/proj_x/modules/module_interface/install/module_interface/local/lib/python3.10/dist-packages/module_interface-0.0.0-py3.10.egg-info/dependency_links.txt
[1.067s] -- Installing: /home/wxyewb/Public/Work/Practice/proj_x/modules/module_interface/install/module_interface/local/lib/python3.10/dist-packages/module_interface-0.0.0-py3.10.egg-info/PKG-INFO
[1.067s] -- Up-to-date: /home/wxyewb/Public/Work/Practice/proj_x/modules/module_interface/install/module_interface/local/lib/python3.10/dist-packages/module_interface
[1.067s] -- Up-to-date: /home/wxyewb/Public/Work/Practice/proj_x/modules/module_interface/install/module_interface/local/lib/python3.10/dist-packages/module_interface/module_interface_s__rosidl_typesupport_introspection_c.cpython-310-x86_64-linux-gnu.so
[1.067s] -- Up-to-date: /home/wxyewb/Public/Work/Practice/proj_x/modules/module_interface/install/module_interface/local/lib/python3.10/dist-packages/module_interface/_module_interface_s.ep.rosidl_typesupport_introspection_c.c
[1.067s] -- Up-to-date: /home/wxyewb/Public/Work/Practice/proj_x/modules/module_interface/install/module_interface/local/lib/python3.10/dist-packages/module_interface/module_interface_s__rosidl_typesupport_fastrtps_c.cpython-310-x86_64-linux-gnu.so
[1.067s] -- Up-to-date: /home/wxyewb/Public/Work/Practice/proj_x/modules/module_interface/install/module_interface/local/lib/python3.10/dist-packages/module_interface/_module_interface_s.ep.rosidl_typesupport_fastrtps_c.c
[1.067s] -- Up-to-date: /home/wxyewb/Public/Work/Practice/proj_x/modules/module_interface/install/module_interface/local/lib/python3.10/dist-packages/module_interface/libmodule_interface__rosidl_generator_py.so
[1.067s] -- Installing: /home/wxyewb/Public/Work/Practice/proj_x/modules/module_interface/install/module_interface/local/lib/python3.10/dist-packages/module_interface/__init__.py
[1.067s] -- Up-to-date: /home/wxyewb/Public/Work/Practice/proj_x/modules/module_interface/install/module_interface/local/lib/python3.10/dist-packages/module_interface/action
[1.067s] -- Up-to-date: /home/wxyewb/Public/Work/Practice/proj_x/modules/module_interface/install/module_interface/local/lib/python3.10/dist-packages/module_interface/action/_simple_action.py
[1.067s] -- Up-to-date: /home/wxyewb/Public/Work/Practice/proj_x/modules/module_interface/install/module_interface/local/lib/python3.10/dist-packages/module_interface/action/_simple_action_s.c
[1.067s] -- Up-to-date: /home/wxyewb/Public/Work/Practice/proj_x/modules/module_interface/install/module_interface/local/lib/python3.10/dist-packages/module_interface/action/__init__.py
[1.067s] -- Up-to-date: /home/wxyewb/Public/Work/Practice/proj_x/modules/module_interface/install/module_interface/local/lib/python3.10/dist-packages/module_interface/_module_interface_s.ep.rosidl_typesupport_c.c
[1.067s] -- Up-to-date: /home/wxyewb/Public/Work/Practice/proj_x/modules/module_interface/install/module_interface/local/lib/python3.10/dist-packages/module_interface/module_interface_s__rosidl_typesupport_c.cpython-310-x86_64-linux-gnu.so
[1.092s] Listing '/home/wxyewb/Public/Work/Practice/proj_x/modules/module_interface/install/module_interface/local/lib/python3.10/dist-packages/module_interface'...
[1.092s] Compiling '/home/wxyewb/Public/Work/Practice/proj_x/modules/module_interface/install/module_interface/local/lib/python3.10/dist-packages/module_interface/__init__.py'...
[1.092s] Listing '/home/wxyewb/Public/Work/Practice/proj_x/modules/module_interface/install/module_interface/local/lib/python3.10/dist-packages/module_interface/action'...
[1.095s] -- Up-to-date: /home/wxyewb/Public/Work/Practice/proj_x/modules/module_interface/install/module_interface/local/lib/python3.10/dist-packages/module_interface/module_interface_s__rosidl_typesupport_fastrtps_c.cpython-310-x86_64-linux-gnu.so
[1.095s] -- Up-to-date: /home/wxyewb/Public/Work/Practice/proj_x/modules/module_interface/install/module_interface/local/lib/python3.10/dist-packages/module_interface/module_interface_s__rosidl_typesupport_introspection_c.cpython-310-x86_64-linux-gnu.so
[1.095s] -- Up-to-date: /home/wxyewb/Public/Work/Practice/proj_x/modules/module_interface/install/module_interface/local/lib/python3.10/dist-packages/module_interface/module_interface_s__rosidl_typesupport_c.cpython-310-x86_64-linux-gnu.so
[1.096s] -- Up-to-date: /home/wxyewb/Public/Work/Practice/proj_x/modules/module_interface/install/module_interface/lib/libmodule_interface__rosidl_generator_py.so
[1.096s] -- Up-to-date: /home/wxyewb/Public/Work/Practice/proj_x/modules/module_interface/install/module_interface/share/module_interface/action/SimpleAction.idl
[1.096s] -- Up-to-date: /home/wxyewb/Public/Work/Practice/proj_x/modules/module_interface/install/module_interface/share/module_interface/action/SimpleAction.action
[1.096s] -- Up-to-date: /home/wxyewb/Public/Work/Practice/proj_x/modules/module_interface/install/module_interface/share/ament_index/resource_index/package_run_dependencies/module_interface
[1.096s] -- Up-to-date: /home/wxyewb/Public/Work/Practice/proj_x/modules/module_interface/install/module_interface/share/ament_index/resource_index/parent_prefix_path/module_interface
[1.096s] -- Up-to-date: /home/wxyewb/Public/Work/Practice/proj_x/modules/module_interface/install/module_interface/share/module_interface/environment/ament_prefix_path.sh
[1.096s] -- Installing: /home/wxyewb/Public/Work/Practice/proj_x/modules/module_interface/install/module_interface/share/module_interface/environment/ament_prefix_path.dsv
[1.096s] -- Up-to-date: /home/wxyewb/Public/Work/Practice/proj_x/modules/module_interface/install/module_interface/share/module_interface/environment/path.sh
[1.096s] -- Installing: /home/wxyewb/Public/Work/Practice/proj_x/modules/module_interface/install/module_interface/share/module_interface/environment/path.dsv
[1.096s] -- Up-to-date: /home/wxyewb/Public/Work/Practice/proj_x/modules/module_interface/install/module_interface/share/module_interface/local_setup.bash
[1.097s] -- Up-to-date: /home/wxyewb/Public/Work/Practice/proj_x/modules/module_interface/install/module_interface/share/module_interface/local_setup.sh
[1.097s] -- Up-to-date: /home/wxyewb/Public/Work/Practice/proj_x/modules/module_interface/install/module_interface/share/module_interface/local_setup.zsh
[1.097s] -- Installing: /home/wxyewb/Public/Work/Practice/proj_x/modules/module_interface/install/module_interface/share/module_interface/local_setup.dsv
[1.097s] -- Installing: /home/wxyewb/Public/Work/Practice/proj_x/modules/module_interface/install/module_interface/share/module_interface/package.dsv
[1.097s] -- Up-to-date: /home/wxyewb/Public/Work/Practice/proj_x/modules/module_interface/install/module_interface/share/ament_index/resource_index/packages/module_interface
[1.097s] -- Up-to-date: /home/wxyewb/Public/Work/Practice/proj_x/modules/module_interface/install/module_interface/share/module_interface/cmake/export_module_interface__rosidl_generator_cExport.cmake
[1.097s] -- Up-to-date: /home/wxyewb/Public/Work/Practice/proj_x/modules/module_interface/install/module_interface/share/module_interface/cmake/export_module_interface__rosidl_generator_cExport-noconfig.cmake
[1.098s] -- Up-to-date: /home/wxyewb/Public/Work/Practice/proj_x/modules/module_interface/install/module_interface/share/module_interface/cmake/export_module_interface__rosidl_typesupport_fastrtps_cExport.cmake
[1.098s] -- Up-to-date: /home/wxyewb/Public/Work/Practice/proj_x/modules/module_interface/install/module_interface/share/module_interface/cmake/export_module_interface__rosidl_typesupport_fastrtps_cExport-noconfig.cmake
[1.098s] -- Up-to-date: /home/wxyewb/Public/Work/Practice/proj_x/modules/module_interface/install/module_interface/share/module_interface/cmake/export_module_interface__rosidl_generator_cppExport.cmake
[1.098s] -- Up-to-date: /home/wxyewb/Public/Work/Practice/proj_x/modules/module_interface/install/module_interface/share/module_interface/cmake/export_module_interface__rosidl_typesupport_fastrtps_cppExport.cmake
[1.098s] -- Up-to-date: /home/wxyewb/Public/Work/Practice/proj_x/modules/module_interface/install/module_interface/share/module_interface/cmake/export_module_interface__rosidl_typesupport_fastrtps_cppExport-noconfig.cmake
[1.098s] -- Up-to-date: /home/wxyewb/Public/Work/Practice/proj_x/modules/module_interface/install/module_interface/share/module_interface/cmake/module_interface__rosidl_typesupport_introspection_cExport.cmake
[1.098s] -- Up-to-date: /home/wxyewb/Public/Work/Practice/proj_x/modules/module_interface/install/module_interface/share/module_interface/cmake/module_interface__rosidl_typesupport_introspection_cExport-noconfig.cmake
[1.098s] -- Up-to-date: /home/wxyewb/Public/Work/Practice/proj_x/modules/module_interface/install/module_interface/share/module_interface/cmake/module_interface__rosidl_typesupport_cExport.cmake
[1.098s] -- Up-to-date: /home/wxyewb/Public/Work/Practice/proj_x/modules/module_interface/install/module_interface/share/module_interface/cmake/module_interface__rosidl_typesupport_cExport-noconfig.cmake
[1.098s] -- Up-to-date: /home/wxyewb/Public/Work/Practice/proj_x/modules/module_interface/install/module_interface/share/module_interface/cmake/module_interface__rosidl_typesupport_introspection_cppExport.cmake
[1.098s] -- Up-to-date: /home/wxyewb/Public/Work/Practice/proj_x/modules/module_interface/install/module_interface/share/module_interface/cmake/module_interface__rosidl_typesupport_introspection_cppExport-noconfig.cmake
[1.099s] -- Up-to-date: /home/wxyewb/Public/Work/Practice/proj_x/modules/module_interface/install/module_interface/share/module_interface/cmake/module_interface__rosidl_typesupport_cppExport.cmake
[1.099s] -- Up-to-date: /home/wxyewb/Public/Work/Practice/proj_x/modules/module_interface/install/module_interface/share/module_interface/cmake/module_interface__rosidl_typesupport_cppExport-noconfig.cmake
[1.099s] -- Up-to-date: /home/wxyewb/Public/Work/Practice/proj_x/modules/module_interface/install/module_interface/share/module_interface/cmake/export_module_interface__rosidl_generator_pyExport.cmake
[1.099s] -- Up-to-date: /home/wxyewb/Public/Work/Practice/proj_x/modules/module_interface/install/module_interface/share/module_interface/cmake/export_module_interface__rosidl_generator_pyExport-noconfig.cmake
[1.099s] -- Installing: /home/wxyewb/Public/Work/Practice/proj_x/modules/module_interface/install/module_interface/share/module_interface/cmake/ament_cmake_export_dependencies-extras.cmake
[1.099s] -- Up-to-date: /home/wxyewb/Public/Work/Practice/proj_x/modules/module_interface/install/module_interface/share/module_interface/cmake/rosidl_cmake-extras.cmake
[1.099s] -- Up-to-date: /home/wxyewb/Public/Work/Practice/proj_x/modules/module_interface/install/module_interface/share/module_interface/cmake/ament_cmake_export_include_directories-extras.cmake
[1.099s] -- Up-to-date: /home/wxyewb/Public/Work/Practice/proj_x/modules/module_interface/install/module_interface/share/module_interface/cmake/ament_cmake_export_libraries-extras.cmake
[1.099s] -- Up-to-date: /home/wxyewb/Public/Work/Practice/proj_x/modules/module_interface/install/module_interface/share/module_interface/cmake/ament_cmake_export_targets-extras.cmake
[1.099s] -- Up-to-date: /home/wxyewb/Public/Work/Practice/proj_x/modules/module_interface/install/module_interface/share/module_interface/cmake/rosidl_cmake_export_typesupport_targets-extras.cmake
[1.099s] -- Up-to-date: /home/wxyewb/Public/Work/Practice/proj_x/modules/module_interface/install/module_interface/share/module_interface/cmake/rosidl_cmake_export_typesupport_libraries-extras.cmake
[1.099s] -- Up-to-date: /home/wxyewb/Public/Work/Practice/proj_x/modules/module_interface/install/module_interface/share/module_interface/cmake/module_interfaceConfig.cmake
[1.099s] -- Up-to-date: /home/wxyewb/Public/Work/Practice/proj_x/modules/module_interface/install/module_interface/share/module_interface/cmake/module_interfaceConfig-version.cmake
[1.099s] -- Up-to-date: /home/wxyewb/Public/Work/Practice/proj_x/modules/module_interface/install/module_interface/share/module_interface/package.xml
[1.102s] Invoked command in '/home/wxyewb/Public/Work/Practice/proj_x/modules/module_interface/build/module_interface' returned '0': CMAKE_PREFIX_PATH=${CMAKE_PREFIX_PATH}:/opt/ros/humble /usr/bin/cmake --install /home/wxyewb/Public/Work/Practice/proj_x/modules/module_interface/build/module_interface
